<?xml version="1.0" encoding="UTF-8" ?>
<testsuite tests="19" failures="8" name="edu.poly.model.NguoiHocNGTest" time="0.094" errors="0" skipped="0">
  <properties>
[...]
</properties>
  <testcase classname="edu.poly.model.NguoiHocNGTest" name="testGetDienThoai" time="0.078">
    <failure message="expected [] but found [null]" type="java.lang.AssertionError">java.lang.AssertionError: expected [] but found [null]
	at org.testng.Assert.fail(Assert.java:97)
	at org.testng.Assert.failNotEquals(Assert.java:969)
	at org.testng.Assert.assertEqualsImpl(Assert.java:131)
	at org.testng.Assert.assertEquals(Assert.java:118)
	at org.testng.Assert.assertEquals(Assert.java:575)
	at org.testng.Assert.assertEquals(Assert.java:585)
	at edu.poly.model.NguoiHocNGTest.testGetDienThoai(NguoiHocNGTest.java:142)
</failure>
    <system-out>Configuring TestNG with: org.apache.maven.surefire.testng.conf.TestNG652Configurator@5bfbf16f
getDienThoai
</system-out>
  </testcase>
  <testcase classname="edu.poly.model.NguoiHocNGTest" name="testGetEmail" time="0">
    <failure message="expected [] but found [null]" type="java.lang.AssertionError">java.lang.AssertionError: expected [] but found [null]
	at org.testng.Assert.fail(Assert.java:97)
	at org.testng.Assert.failNotEquals(Assert.java:969)
	at org.testng.Assert.assertEqualsImpl(Assert.java:131)
	at org.testng.Assert.assertEquals(Assert.java:118)
	at org.testng.Assert.assertEquals(Assert.java:575)
	at org.testng.Assert.assertEquals(Assert.java:585)
	at edu.poly.model.NguoiHocNGTest.testGetEmail(NguoiHocNGTest.java:164)
</failure>
    <system-out>getEmail
</system-out>
  </testcase>
  <testcase classname="edu.poly.model.NguoiHocNGTest" name="testGetGhiChu" time="0.016">
    <failure message="expected [] but found [null]" type="java.lang.AssertionError">java.lang.AssertionError: expected [] but found [null]
	at org.testng.Assert.fail(Assert.java:97)
	at org.testng.Assert.failNotEquals(Assert.java:969)
	at org.testng.Assert.assertEqualsImpl(Assert.java:131)
	at org.testng.Assert.assertEquals(Assert.java:118)
	at org.testng.Assert.assertEquals(Assert.java:575)
	at org.testng.Assert.assertEquals(Assert.java:585)
	at edu.poly.model.NguoiHocNGTest.testGetGhiChu(NguoiHocNGTest.java:187)
</failure>
    <system-out>getGhiChu
</system-out>
  </testcase>
  <testcase classname="edu.poly.model.NguoiHocNGTest" name="testGetGioiTinh" time="0"/>
  <testcase classname="edu.poly.model.NguoiHocNGTest" name="testGetHoTen" time="0">
    <failure message="expected [] but found [null]" type="java.lang.AssertionError">java.lang.AssertionError: expected [] but found [null]
	at org.testng.Assert.fail(Assert.java:97)
	at org.testng.Assert.failNotEquals(Assert.java:969)
	at org.testng.Assert.assertEqualsImpl(Assert.java:131)
	at org.testng.Assert.assertEquals(Assert.java:118)
	at org.testng.Assert.assertEquals(Assert.java:575)
	at org.testng.Assert.assertEquals(Assert.java:585)
	at edu.poly.model.NguoiHocNGTest.testGetHoTen(NguoiHocNGTest.java:74)
</failure>
    <system-out>getHoTen
</system-out>
  </testcase>
  <testcase classname="edu.poly.model.NguoiHocNGTest" name="testGetMaNH" time="0">
    <failure message="expected [] but found [null]" type="java.lang.AssertionError">java.lang.AssertionError: expected [] but found [null]
	at org.testng.Assert.fail(Assert.java:97)
	at org.testng.Assert.failNotEquals(Assert.java:969)
	at org.testng.Assert.assertEqualsImpl(Assert.java:131)
	at org.testng.Assert.assertEquals(Assert.java:118)
	at org.testng.Assert.assertEquals(Assert.java:575)
	at org.testng.Assert.assertEquals(Assert.java:585)
	at edu.poly.model.NguoiHocNGTest.testGetMaNH(NguoiHocNGTest.java:52)
</failure>
    <system-out>getMaNH
</system-out>
  </testcase>
  <testcase classname="edu.poly.model.NguoiHocNGTest" name="testGetMaNV" time="0">
    <failure message="expected [] but found [null]" type="java.lang.AssertionError">java.lang.AssertionError: expected [] but found [null]
	at org.testng.Assert.fail(Assert.java:97)
	at org.testng.Assert.failNotEquals(Assert.java:969)
	at org.testng.Assert.assertEqualsImpl(Assert.java:131)
	at org.testng.Assert.assertEquals(Assert.java:118)
	at org.testng.Assert.assertEquals(Assert.java:575)
	at org.testng.Assert.assertEquals(Assert.java:585)
	at edu.poly.model.NguoiHocNGTest.testGetMaNV(NguoiHocNGTest.java:209)
</failure>
    <system-out>getMaNV
</system-out>
  </testcase>
  <testcase classname="edu.poly.model.NguoiHocNGTest" name="testGetNgayDK" time="0">
    <failure message="expected [null] but found [Tue Apr 27 00:25:36 ICT 2021]" type="java.lang.AssertionError">java.lang.AssertionError: expected [null] but found [Tue Apr 27 00:25:36 ICT 2021]
	at org.testng.Assert.fail(Assert.java:97)
	at org.testng.Assert.failNotEquals(Assert.java:969)
	at org.testng.Assert.assertEqualsImpl(Assert.java:131)
	at org.testng.Assert.assertEquals(Assert.java:118)
	at org.testng.Assert.assertEquals(Assert.java:563)
	at edu.poly.model.NguoiHocNGTest.testGetNgayDK(NguoiHocNGTest.java:232)
</failure>
    <system-out>getNgayDK
</system-out>
  </testcase>
  <testcase classname="edu.poly.model.NguoiHocNGTest" name="testGetNgaySinh" time="0"/>
  <testcase classname="edu.poly.model.NguoiHocNGTest" name="testSetDienThoai" time="0"/>
  <testcase classname="edu.poly.model.NguoiHocNGTest" name="testSetEmail" time="0"/>
  <testcase classname="edu.poly.model.NguoiHocNGTest" name="testSetGhiChu" time="0"/>
  <testcase classname="edu.poly.model.NguoiHocNGTest" name="testSetGioiTinh" time="0"/>
  <testcase classname="edu.poly.model.NguoiHocNGTest" name="testSetHoTen" time="0"/>
  <testcase classname="edu.poly.model.NguoiHocNGTest" name="testSetMaNH" time="0"/>
  <testcase classname="edu.poly.model.NguoiHocNGTest" name="testSetMaNV" time="0"/>
  <testcase classname="edu.poly.model.NguoiHocNGTest" name="testSetNgayDK" time="0"/>
  <testcase classname="edu.poly.model.NguoiHocNGTest" name="testSetNgaySinh" time="0"/>
  <testcase classname="edu.poly.model.NguoiHocNGTest" name="testToString" time="0">
    <failure message="expected [] but found [null]" type="java.lang.AssertionError">java.lang.AssertionError: expected [] but found [null]
	at org.testng.Assert.fail(Assert.java:97)
	at org.testng.Assert.failNotEquals(Assert.java:969)
	at org.testng.Assert.assertEqualsImpl(Assert.java:131)
	at org.testng.Assert.assertEquals(Assert.java:118)
	at org.testng.Assert.assertEquals(Assert.java:575)
	at org.testng.Assert.assertEquals(Assert.java:585)
	at edu.poly.model.NguoiHocNGTest.testToString(NguoiHocNGTest.java:255)
</failure>
    <system-out>toString
</system-out>
  </testcase>
</testsuite>