<?xml version="1.0" encoding="UTF-8"?>
<testng-results ignored="0" total="145" passed="96" failed="49" skipped="0">
  <reporter-output>
  </reporter-output>
  <suite started-at="2021-04-27T09:22:57 ICT" name="Command line suite" finished-at="2021-04-27T09:23:07 ICT" duration-ms="9573">
    <groups>
    </groups>
    <test started-at="2021-04-27T09:22:57 ICT" name="Command line test" finished-at="2021-04-27T09:23:07 ICT" duration-ms="9573">
      <class name="edu.poly.model.KhoaHocNGTest">
        <test-method is-config="true" signature="setUpClass()[pri:0, instance:edu.poly.model.KhoaHocNGTest@3681037]" started-at="2021-04-27T09:23:06 ICT" name="setUpClass" finished-at="2021-04-27T09:23:06 ICT" duration-ms="0" status="PASS">
          <reporter-output>
          </reporter-output>
        </test-method> <!-- setUpClass -->
        <test-method signature="testGetGhiChu()[pri:0, instance:edu.poly.model.KhoaHocNGTest@3681037]" started-at="2021-04-27T09:23:06 ICT" name="testGetGhiChu" finished-at="2021-04-27T09:23:06 ICT" duration-ms="0" status="FAIL">
          <exception class="java.lang.AssertionError">
            <message>
              <![CDATA[expected [] but found [null]]]>
            </message>
            <full-stacktrace>
              <![CDATA[java.lang.AssertionError: expected [] but found [null]
at org.testng.Assert.fail(Assert.java:97)
at org.testng.Assert.failNotEquals(Assert.java:969)
at org.testng.Assert.assertEqualsImpl(Assert.java:131)
at org.testng.Assert.assertEquals(Assert.java:118)
at org.testng.Assert.assertEquals(Assert.java:575)
at org.testng.Assert.assertEquals(Assert.java:585)
at edu.poly.model.KhoaHocNGTest.testGetGhiChu(KhoaHocNGTest.java:206)
at java.base/jdk.internal.reflect.NativeMethodAccessorImpl.invoke0(Native Method)
at java.base/jdk.internal.reflect.NativeMethodAccessorImpl.invoke(NativeMethodAccessorImpl.java:62)
at java.base/jdk.internal.reflect.DelegatingMethodAccessorImpl.invoke(DelegatingMethodAccessorImpl.java:43)
at java.base/java.lang.reflect.Method.invoke(Method.java:566)
at org.testng.internal.MethodInvocationHelper.invokeMethod(MethodInvocationHelper.java:134)
at org.testng.internal.TestInvoker.invokeMethod(TestInvoker.java:597)
at org.testng.internal.TestInvoker.invokeTestMethod(TestInvoker.java:173)
at org.testng.internal.MethodRunner.runInSequence(MethodRunner.java:46)
at org.testng.internal.TestInvoker$MethodInvocationAgent.invoke(TestInvoker.java:816)
at org.testng.internal.TestInvoker.invokeTestMethods(TestInvoker.java:146)
at org.testng.internal.TestMethodWorker.invokeTestMethods(TestMethodWorker.java:146)
at org.testng.internal.TestMethodWorker.run(TestMethodWorker.java:128)
at java.base/java.util.ArrayList.forEach(ArrayList.java:1540)
at org.testng.TestRunner.privateRun(TestRunner.java:766)
at org.testng.TestRunner.run(TestRunner.java:587)
at org.testng.SuiteRunner.runTest(SuiteRunner.java:384)
at org.testng.SuiteRunner.runSequentially(SuiteRunner.java:378)
at org.testng.SuiteRunner.privateRun(SuiteRunner.java:337)
at org.testng.SuiteRunner.run(SuiteRunner.java:286)
at org.testng.SuiteRunnerWorker.runSuite(SuiteRunnerWorker.java:53)
at org.testng.SuiteRunnerWorker.run(SuiteRunnerWorker.java:96)
at org.testng.TestNG.runSuitesSequentially(TestNG.java:1187)
at org.testng.TestNG.runSuitesLocally(TestNG.java:1109)
at org.testng.TestNG.runSuites(TestNG.java:1039)
at org.testng.TestNG.run(TestNG.java:1007)
at org.apache.maven.surefire.testng.TestNGExecutor.run(TestNGExecutor.java:77)
at org.apache.maven.surefire.testng.TestNGDirectoryTestSuite.executeMulti(TestNGDirectoryTestSuite.java:159)
at org.apache.maven.surefire.testng.TestNGDirectoryTestSuite.execute(TestNGDirectoryTestSuite.java:99)
at org.apache.maven.surefire.testng.TestNGProvider.invoke(TestNGProvider.java:106)
at java.base/jdk.internal.reflect.NativeMethodAccessorImpl.invoke0(Native Method)
at java.base/jdk.internal.reflect.NativeMethodAccessorImpl.invoke(NativeMethodAccessorImpl.java:62)
at java.base/jdk.internal.reflect.DelegatingMethodAccessorImpl.invoke(DelegatingMethodAccessorImpl.java:43)
at java.base/java.lang.reflect.Method.invoke(Method.java:566)
at org.apache.maven.surefire.util.ReflectionUtils.invokeMethodWithArray(ReflectionUtils.java:189)
at org.apache.maven.surefire.booter.ProviderFactory$ProviderProxy.invoke(ProviderFactory.java:165)
at org.apache.maven.surefire.booter.ProviderFactory.invokeProvider(ProviderFactory.java:85)
at org.apache.maven.surefire.booter.ForkedBooter.runSuitesInProcess(ForkedBooter.java:115)
at org.apache.maven.surefire.booter.ForkedBooter.main(ForkedBooter.java:75)
]]>
            </full-stacktrace>
          </exception> <!-- java.lang.AssertionError -->
          <reporter-output>
          </reporter-output>
        </test-method> <!-- testGetGhiChu -->
        <test-method is-config="true" signature="tearDownMethod()[pri:0, instance:edu.poly.model.KhoaHocNGTest@3681037]" started-at="2021-04-27T09:23:06 ICT" name="tearDownMethod" finished-at="2021-04-27T09:23:06 ICT" duration-ms="0" status="PASS">
          <reporter-output>
          </reporter-output>
        </test-method> <!-- tearDownMethod -->
        <test-method is-config="true" signature="setUpMethod()[pri:0, instance:edu.poly.model.KhoaHocNGTest@3681037]" started-at="2021-04-27T09:23:06 ICT" name="setUpMethod" finished-at="2021-04-27T09:23:06 ICT" duration-ms="0" status="PASS">
          <reporter-output>
          </reporter-output>
        </test-method> <!-- setUpMethod -->
        <test-method signature="testGetHocPhi()[pri:0, instance:edu.poly.model.KhoaHocNGTest@3681037]" started-at="2021-04-27T09:23:06 ICT" name="testGetHocPhi" finished-at="2021-04-27T09:23:06 ICT" duration-ms="0" status="PASS">
          <reporter-output>
          </reporter-output>
        </test-method> <!-- testGetHocPhi -->
        <test-method is-config="true" signature="setUpMethod()[pri:0, instance:edu.poly.model.KhoaHocNGTest@3681037]" started-at="2021-04-27T09:23:06 ICT" name="setUpMethod" finished-at="2021-04-27T09:23:06 ICT" duration-ms="1" status="PASS">
          <reporter-output>
          </reporter-output>
        </test-method> <!-- setUpMethod -->
        <test-method is-config="true" signature="setUpMethod()[pri:0, instance:edu.poly.model.KhoaHocNGTest@3681037]" started-at="2021-04-27T09:23:06 ICT" name="setUpMethod" finished-at="2021-04-27T09:23:06 ICT" duration-ms="0" status="PASS">
          <reporter-output>
          </reporter-output>
        </test-method> <!-- setUpMethod -->
        <test-method is-config="true" signature="tearDownMethod()[pri:0, instance:edu.poly.model.KhoaHocNGTest@3681037]" started-at="2021-04-27T09:23:06 ICT" name="tearDownMethod" finished-at="2021-04-27T09:23:06 ICT" duration-ms="0" status="PASS">
          <reporter-output>
          </reporter-output>
        </test-method> <!-- tearDownMethod -->
        <test-method signature="testGetMaCD()[pri:0, instance:edu.poly.model.KhoaHocNGTest@3681037]" started-at="2021-04-27T09:23:06 ICT" name="testGetMaCD" finished-at="2021-04-27T09:23:06 ICT" duration-ms="0" status="FAIL">
          <exception class="java.lang.AssertionError">
            <message>
              <![CDATA[expected [] but found [null]]]>
            </message>
            <full-stacktrace>
              <![CDATA[java.lang.AssertionError: expected [] but found [null]
at org.testng.Assert.fail(Assert.java:97)
at org.testng.Assert.failNotEquals(Assert.java:969)
at org.testng.Assert.assertEqualsImpl(Assert.java:131)
at org.testng.Assert.assertEquals(Assert.java:118)
at org.testng.Assert.assertEquals(Assert.java:575)
at org.testng.Assert.assertEquals(Assert.java:585)
at edu.poly.model.KhoaHocNGTest.testGetMaCD(KhoaHocNGTest.java:84)
at java.base/jdk.internal.reflect.NativeMethodAccessorImpl.invoke0(Native Method)
at java.base/jdk.internal.reflect.NativeMethodAccessorImpl.invoke(NativeMethodAccessorImpl.java:62)
at java.base/jdk.internal.reflect.DelegatingMethodAccessorImpl.invoke(DelegatingMethodAccessorImpl.java:43)
at java.base/java.lang.reflect.Method.invoke(Method.java:566)
at org.testng.internal.MethodInvocationHelper.invokeMethod(MethodInvocationHelper.java:134)
at org.testng.internal.TestInvoker.invokeMethod(TestInvoker.java:597)
at org.testng.internal.TestInvoker.invokeTestMethod(TestInvoker.java:173)
at org.testng.internal.MethodRunner.runInSequence(MethodRunner.java:46)
at org.testng.internal.TestInvoker$MethodInvocationAgent.invoke(TestInvoker.java:816)
at org.testng.internal.TestInvoker.invokeTestMethods(TestInvoker.java:146)
at org.testng.internal.TestMethodWorker.invokeTestMethods(TestMethodWorker.java:146)
at org.testng.internal.TestMethodWorker.run(TestMethodWorker.java:128)
at java.base/java.util.ArrayList.forEach(ArrayList.java:1540)
at org.testng.TestRunner.privateRun(TestRunner.java:766)
at org.testng.TestRunner.run(TestRunner.java:587)
at org.testng.SuiteRunner.runTest(SuiteRunner.java:384)
at org.testng.SuiteRunner.runSequentially(SuiteRunner.java:378)
at org.testng.SuiteRunner.privateRun(SuiteRunner.java:337)
at org.testng.SuiteRunner.run(SuiteRunner.java:286)
at org.testng.SuiteRunnerWorker.runSuite(SuiteRunnerWorker.java:53)
at org.testng.SuiteRunnerWorker.run(SuiteRunnerWorker.java:96)
at org.testng.TestNG.runSuitesSequentially(TestNG.java:1187)
at org.testng.TestNG.runSuitesLocally(TestNG.java:1109)
at org.testng.TestNG.runSuites(TestNG.java:1039)
at org.testng.TestNG.run(TestNG.java:1007)
at org.apache.maven.surefire.testng.TestNGExecutor.run(TestNGExecutor.java:77)
at org.apache.maven.surefire.testng.TestNGDirectoryTestSuite.executeMulti(TestNGDirectoryTestSuite.java:159)
at org.apache.maven.surefire.testng.TestNGDirectoryTestSuite.execute(TestNGDirectoryTestSuite.java:99)
at org.apache.maven.surefire.testng.TestNGProvider.invoke(TestNGProvider.java:106)
at java.base/jdk.internal.reflect.NativeMethodAccessorImpl.invoke0(Native Method)
at java.base/jdk.internal.reflect.NativeMethodAccessorImpl.invoke(NativeMethodAccessorImpl.java:62)
at java.base/jdk.internal.reflect.DelegatingMethodAccessorImpl.invoke(DelegatingMethodAccessorImpl.java:43)
at java.base/java.lang.reflect.Method.invoke(Method.java:566)
at org.apache.maven.surefire.util.ReflectionUtils.invokeMethodWithArray(ReflectionUtils.java:189)
at org.apache.maven.surefire.booter.ProviderFactory$ProviderProxy.invoke(ProviderFactory.java:165)
at org.apache.maven.surefire.booter.ProviderFactory.invokeProvider(ProviderFactory.java:85)
at org.apache.maven.surefire.booter.ForkedBooter.runSuitesInProcess(ForkedBooter.java:115)
at org.apache.maven.surefire.booter.ForkedBooter.main(ForkedBooter.java:75)
]]>
            </full-stacktrace>
          </exception> <!-- java.lang.AssertionError -->
          <reporter-output>
          </reporter-output>
        </test-method> <!-- testGetMaCD -->
        <test-method is-config="true" signature="tearDownMethod()[pri:0, instance:edu.poly.model.KhoaHocNGTest@3681037]" started-at="2021-04-27T09:23:06 ICT" name="tearDownMethod" finished-at="2021-04-27T09:23:06 ICT" duration-ms="1" status="PASS">
          <reporter-output>
          </reporter-output>
        </test-method> <!-- tearDownMethod -->
        <test-method is-config="true" signature="setUpMethod()[pri:0, instance:edu.poly.model.KhoaHocNGTest@3681037]" started-at="2021-04-27T09:23:06 ICT" name="setUpMethod" finished-at="2021-04-27T09:23:06 ICT" duration-ms="1" status="PASS">
          <reporter-output>
          </reporter-output>
        </test-method> <!-- setUpMethod -->
        <test-method signature="testGetMaNV()[pri:0, instance:edu.poly.model.KhoaHocNGTest@3681037]" started-at="2021-04-27T09:23:06 ICT" name="testGetMaNV" finished-at="2021-04-27T09:23:06 ICT" duration-ms="0" status="FAIL">
          <exception class="java.lang.AssertionError">
            <message>
              <![CDATA[expected [] but found [null]]]>
            </message>
            <full-stacktrace>
              <![CDATA[java.lang.AssertionError: expected [] but found [null]
at org.testng.Assert.fail(Assert.java:97)
at org.testng.Assert.failNotEquals(Assert.java:969)
at org.testng.Assert.assertEqualsImpl(Assert.java:131)
at org.testng.Assert.assertEquals(Assert.java:118)
at org.testng.Assert.assertEquals(Assert.java:575)
at org.testng.Assert.assertEquals(Assert.java:585)
at edu.poly.model.KhoaHocNGTest.testGetMaNV(KhoaHocNGTest.java:228)
at java.base/jdk.internal.reflect.NativeMethodAccessorImpl.invoke0(Native Method)
at java.base/jdk.internal.reflect.NativeMethodAccessorImpl.invoke(NativeMethodAccessorImpl.java:62)
at java.base/jdk.internal.reflect.DelegatingMethodAccessorImpl.invoke(DelegatingMethodAccessorImpl.java:43)
at java.base/java.lang.reflect.Method.invoke(Method.java:566)
at org.testng.internal.MethodInvocationHelper.invokeMethod(MethodInvocationHelper.java:134)
at org.testng.internal.TestInvoker.invokeMethod(TestInvoker.java:597)
at org.testng.internal.TestInvoker.invokeTestMethod(TestInvoker.java:173)
at org.testng.internal.MethodRunner.runInSequence(MethodRunner.java:46)
at org.testng.internal.TestInvoker$MethodInvocationAgent.invoke(TestInvoker.java:816)
at org.testng.internal.TestInvoker.invokeTestMethods(TestInvoker.java:146)
at org.testng.internal.TestMethodWorker.invokeTestMethods(TestMethodWorker.java:146)
at org.testng.internal.TestMethodWorker.run(TestMethodWorker.java:128)
at java.base/java.util.ArrayList.forEach(ArrayList.java:1540)
at org.testng.TestRunner.privateRun(TestRunner.java:766)
at org.testng.TestRunner.run(TestRunner.java:587)
at org.testng.SuiteRunner.runTest(SuiteRunner.java:384)
at org.testng.SuiteRunner.runSequentially(SuiteRunner.java:378)
at org.testng.SuiteRunner.privateRun(SuiteRunner.java:337)
at org.testng.SuiteRunner.run(SuiteRunner.java:286)
at org.testng.SuiteRunnerWorker.runSuite(SuiteRunnerWorker.java:53)
at org.testng.SuiteRunnerWorker.run(SuiteRunnerWorker.java:96)
at org.testng.TestNG.runSuitesSequentially(TestNG.java:1187)
at org.testng.TestNG.runSuitesLocally(TestNG.java:1109)
at org.testng.TestNG.runSuites(TestNG.java:1039)
at org.testng.TestNG.run(TestNG.java:1007)
at org.apache.maven.surefire.testng.TestNGExecutor.run(TestNGExecutor.java:77)
at org.apache.maven.surefire.testng.TestNGDirectoryTestSuite.executeMulti(TestNGDirectoryTestSuite.java:159)
at org.apache.maven.surefire.testng.TestNGDirectoryTestSuite.execute(TestNGDirectoryTestSuite.java:99)
at org.apache.maven.surefire.testng.TestNGProvider.invoke(TestNGProvider.java:106)
at java.base/jdk.internal.reflect.NativeMethodAccessorImpl.invoke0(Native Method)
at java.base/jdk.internal.reflect.NativeMethodAccessorImpl.invoke(NativeMethodAccessorImpl.java:62)
at java.base/jdk.internal.reflect.DelegatingMethodAccessorImpl.invoke(DelegatingMethodAccessorImpl.java:43)
at java.base/java.lang.reflect.Method.invoke(Method.java:566)
at org.apache.maven.surefire.util.ReflectionUtils.invokeMethodWithArray(ReflectionUtils.java:189)
at org.apache.maven.surefire.booter.ProviderFactory$ProviderProxy.invoke(ProviderFactory.java:165)
at org.apache.maven.surefire.booter.ProviderFactory.invokeProvider(ProviderFactory.java:85)
at org.apache.maven.surefire.booter.ForkedBooter.runSuitesInProcess(ForkedBooter.java:115)
at org.apache.maven.surefire.booter.ForkedBooter.main(ForkedBooter.java:75)
]]>
            </full-stacktrace>
          </exception> <!-- java.lang.AssertionError -->
          <reporter-output>
          </reporter-output>
        </test-method> <!-- testGetMaNV -->
        <test-method signature="testGetMaKH()[pri:0, instance:edu.poly.model.KhoaHocNGTest@3681037]" started-at="2021-04-27T09:23:06 ICT" name="testGetMaKH" finished-at="2021-04-27T09:23:06 ICT" duration-ms="0" status="PASS">
          <reporter-output>
          </reporter-output>
        </test-method> <!-- testGetMaKH -->
        <test-method is-config="true" signature="setUpMethod()[pri:0, instance:edu.poly.model.KhoaHocNGTest@3681037]" started-at="2021-04-27T09:23:06 ICT" name="setUpMethod" finished-at="2021-04-27T09:23:06 ICT" duration-ms="0" status="PASS">
          <reporter-output>
          </reporter-output>
        </test-method> <!-- setUpMethod -->
        <test-method is-config="true" signature="tearDownMethod()[pri:0, instance:edu.poly.model.KhoaHocNGTest@3681037]" started-at="2021-04-27T09:23:06 ICT" name="tearDownMethod" finished-at="2021-04-27T09:23:06 ICT" duration-ms="0" status="PASS">
          <reporter-output>
          </reporter-output>
        </test-method> <!-- tearDownMethod -->
        <test-method is-config="true" signature="tearDownMethod()[pri:0, instance:edu.poly.model.KhoaHocNGTest@3681037]" started-at="2021-04-27T09:23:06 ICT" name="tearDownMethod" finished-at="2021-04-27T09:23:06 ICT" duration-ms="0" status="PASS">
          <reporter-output>
          </reporter-output>
        </test-method> <!-- tearDownMethod -->
        <test-method signature="testGetNgayKG()[pri:0, instance:edu.poly.model.KhoaHocNGTest@3681037]" started-at="2021-04-27T09:23:06 ICT" name="testGetNgayKG" finished-at="2021-04-27T09:23:06 ICT" duration-ms="0" status="PASS">
          <reporter-output>
          </reporter-output>
        </test-method> <!-- testGetNgayKG -->
        <test-method is-config="true" signature="tearDownMethod()[pri:0, instance:edu.poly.model.KhoaHocNGTest@3681037]" started-at="2021-04-27T09:23:06 ICT" name="tearDownMethod" finished-at="2021-04-27T09:23:06 ICT" duration-ms="0" status="PASS">
          <reporter-output>
          </reporter-output>
        </test-method> <!-- tearDownMethod -->
        <test-method is-config="true" signature="setUpMethod()[pri:0, instance:edu.poly.model.KhoaHocNGTest@3681037]" started-at="2021-04-27T09:23:06 ICT" name="setUpMethod" finished-at="2021-04-27T09:23:06 ICT" duration-ms="0" status="PASS">
          <reporter-output>
          </reporter-output>
        </test-method> <!-- setUpMethod -->
        <test-method signature="testGetNgayTao()[pri:0, instance:edu.poly.model.KhoaHocNGTest@3681037]" started-at="2021-04-27T09:23:06 ICT" name="testGetNgayTao" finished-at="2021-04-27T09:23:06 ICT" duration-ms="6" status="FAIL">
          <exception class="java.lang.AssertionError">
            <message>
              <![CDATA[expected [null] but found [Tue Apr 27 09:23:06 ICT 2021]]]>
            </message>
            <full-stacktrace>
              <![CDATA[java.lang.AssertionError: expected [null] but found [Tue Apr 27 09:23:06 ICT 2021]
at org.testng.Assert.fail(Assert.java:97)
at org.testng.Assert.failNotEquals(Assert.java:969)
at org.testng.Assert.assertEqualsImpl(Assert.java:131)
at org.testng.Assert.assertEquals(Assert.java:118)
at org.testng.Assert.assertEquals(Assert.java:563)
at edu.poly.model.KhoaHocNGTest.testGetNgayTao(KhoaHocNGTest.java:251)
at java.base/jdk.internal.reflect.NativeMethodAccessorImpl.invoke0(Native Method)
at java.base/jdk.internal.reflect.NativeMethodAccessorImpl.invoke(NativeMethodAccessorImpl.java:62)
at java.base/jdk.internal.reflect.DelegatingMethodAccessorImpl.invoke(DelegatingMethodAccessorImpl.java:43)
at java.base/java.lang.reflect.Method.invoke(Method.java:566)
at org.testng.internal.MethodInvocationHelper.invokeMethod(MethodInvocationHelper.java:134)
at org.testng.internal.TestInvoker.invokeMethod(TestInvoker.java:597)
at org.testng.internal.TestInvoker.invokeTestMethod(TestInvoker.java:173)
at org.testng.internal.MethodRunner.runInSequence(MethodRunner.java:46)
at org.testng.internal.TestInvoker$MethodInvocationAgent.invoke(TestInvoker.java:816)
at org.testng.internal.TestInvoker.invokeTestMethods(TestInvoker.java:146)
at org.testng.internal.TestMethodWorker.invokeTestMethods(TestMethodWorker.java:146)
at org.testng.internal.TestMethodWorker.run(TestMethodWorker.java:128)
at java.base/java.util.ArrayList.forEach(ArrayList.java:1540)
at org.testng.TestRunner.privateRun(TestRunner.java:766)
at org.testng.TestRunner.run(TestRunner.java:587)
at org.testng.SuiteRunner.runTest(SuiteRunner.java:384)
at org.testng.SuiteRunner.runSequentially(SuiteRunner.java:378)
at org.testng.SuiteRunner.privateRun(SuiteRunner.java:337)
at org.testng.SuiteRunner.run(SuiteRunner.java:286)
at org.testng.SuiteRunnerWorker.runSuite(SuiteRunnerWorker.java:53)
at org.testng.SuiteRunnerWorker.run(SuiteRunnerWorker.java:96)
at org.testng.TestNG.runSuitesSequentially(TestNG.java:1187)
at org.testng.TestNG.runSuitesLocally(TestNG.java:1109)
at org.testng.TestNG.runSuites(TestNG.java:1039)
at org.testng.TestNG.run(TestNG.java:1007)
at org.apache.maven.surefire.testng.TestNGExecutor.run(TestNGExecutor.java:77)
at org.apache.maven.surefire.testng.TestNGDirectoryTestSuite.executeMulti(TestNGDirectoryTestSuite.java:159)
at org.apache.maven.surefire.testng.TestNGDirectoryTestSuite.execute(TestNGDirectoryTestSuite.java:99)
at org.apache.maven.surefire.testng.TestNGProvider.invoke(TestNGProvider.java:106)
at java.base/jdk.internal.reflect.NativeMethodAccessorImpl.invoke0(Native Method)
at java.base/jdk.internal.reflect.NativeMethodAccessorImpl.invoke(NativeMethodAccessorImpl.java:62)
at java.base/jdk.internal.reflect.DelegatingMethodAccessorImpl.invoke(DelegatingMethodAccessorImpl.java:43)
at java.base/java.lang.reflect.Method.invoke(Method.java:566)
at org.apache.maven.surefire.util.ReflectionUtils.invokeMethodWithArray(ReflectionUtils.java:189)
at org.apache.maven.surefire.booter.ProviderFactory$ProviderProxy.invoke(ProviderFactory.java:165)
at org.apache.maven.surefire.booter.ProviderFactory.invokeProvider(ProviderFactory.java:85)
at org.apache.maven.surefire.booter.ForkedBooter.runSuitesInProcess(ForkedBooter.java:115)
at org.apache.maven.surefire.booter.ForkedBooter.main(ForkedBooter.java:75)
]]>
            </full-stacktrace>
          </exception> <!-- java.lang.AssertionError -->
          <reporter-output>
          </reporter-output>
        </test-method> <!-- testGetNgayTao -->
        <test-method is-config="true" signature="setUpMethod()[pri:0, instance:edu.poly.model.KhoaHocNGTest@3681037]" started-at="2021-04-27T09:23:06 ICT" name="setUpMethod" finished-at="2021-04-27T09:23:06 ICT" duration-ms="0" status="PASS">
          <reporter-output>
          </reporter-output>
        </test-method> <!-- setUpMethod -->
        <test-method signature="testGetThoiLuong()[pri:0, instance:edu.poly.model.KhoaHocNGTest@3681037]" started-at="2021-04-27T09:23:06 ICT" name="testGetThoiLuong" finished-at="2021-04-27T09:23:06 ICT" duration-ms="0" status="PASS">
          <reporter-output>
          </reporter-output>
        </test-method> <!-- testGetThoiLuong -->
        <test-method is-config="true" signature="tearDownMethod()[pri:0, instance:edu.poly.model.KhoaHocNGTest@3681037]" started-at="2021-04-27T09:23:06 ICT" name="tearDownMethod" finished-at="2021-04-27T09:23:06 ICT" duration-ms="0" status="PASS">
          <reporter-output>
          </reporter-output>
        </test-method> <!-- tearDownMethod -->
        <test-method is-config="true" signature="setUpMethod()[pri:0, instance:edu.poly.model.KhoaHocNGTest@3681037]" started-at="2021-04-27T09:23:06 ICT" name="setUpMethod" finished-at="2021-04-27T09:23:06 ICT" duration-ms="0" status="PASS">
          <reporter-output>
          </reporter-output>
        </test-method> <!-- setUpMethod -->
        <test-method is-config="true" signature="tearDownMethod()[pri:0, instance:edu.poly.model.KhoaHocNGTest@3681037]" started-at="2021-04-27T09:23:06 ICT" name="tearDownMethod" finished-at="2021-04-27T09:23:06 ICT" duration-ms="0" status="PASS">
          <reporter-output>
          </reporter-output>
        </test-method> <!-- tearDownMethod -->
        <test-method is-config="true" signature="tearDownMethod()[pri:0, instance:edu.poly.model.KhoaHocNGTest@3681037]" started-at="2021-04-27T09:23:06 ICT" name="tearDownMethod" finished-at="2021-04-27T09:23:06 ICT" duration-ms="0" status="PASS">
          <reporter-output>
          </reporter-output>
        </test-method> <!-- tearDownMethod -->
        <test-method is-config="true" signature="setUpMethod()[pri:0, instance:edu.poly.model.KhoaHocNGTest@3681037]" started-at="2021-04-27T09:23:06 ICT" name="setUpMethod" finished-at="2021-04-27T09:23:06 ICT" duration-ms="0" status="PASS">
          <reporter-output>
          </reporter-output>
        </test-method> <!-- setUpMethod -->
        <test-method signature="testSetGhiChu()[pri:0, instance:edu.poly.model.KhoaHocNGTest@3681037]" started-at="2021-04-27T09:23:06 ICT" name="testSetGhiChu" finished-at="2021-04-27T09:23:06 ICT" duration-ms="0" status="PASS">
          <reporter-output>
          </reporter-output>
        </test-method> <!-- testSetGhiChu -->
        <test-method is-config="true" signature="tearDownMethod()[pri:0, instance:edu.poly.model.KhoaHocNGTest@3681037]" started-at="2021-04-27T09:23:06 ICT" name="tearDownMethod" finished-at="2021-04-27T09:23:06 ICT" duration-ms="0" status="PASS">
          <reporter-output>
          </reporter-output>
        </test-method> <!-- tearDownMethod -->
        <test-method signature="testSetHocPhiWithNegative()[pri:0, instance:edu.poly.model.KhoaHocNGTest@3681037]" started-at="2021-04-27T09:23:06 ICT" name="testSetHocPhiWithNegative" finished-at="2021-04-27T09:23:06 ICT" duration-ms="0" status="FAIL">
          <exception class="org.testng.TestException">
            <message>
              <![CDATA[
Method KhoaHocNGTest.testSetHocPhiWithNegative()[pri:0, instance:edu.poly.model.KhoaHocNGTest@3681037] should have thrown an exception of type class java.lang.Exception]]>
            </message>
            <full-stacktrace>
              <![CDATA[org.testng.TestException: 
Method KhoaHocNGTest.testSetHocPhiWithNegative()[pri:0, instance:edu.poly.model.KhoaHocNGTest@3681037] should have thrown an exception of type class java.lang.Exception
at org.testng.internal.ExpectedExceptionsHolder.noException(ExpectedExceptionsHolder.java:82)
at org.testng.internal.TestInvoker.considerExceptions(TestInvoker.java:741)
at org.testng.internal.TestInvoker.invokeMethod(TestInvoker.java:629)
at org.testng.internal.TestInvoker.invokeTestMethod(TestInvoker.java:173)
at org.testng.internal.MethodRunner.runInSequence(MethodRunner.java:46)
at org.testng.internal.TestInvoker$MethodInvocationAgent.invoke(TestInvoker.java:816)
at org.testng.internal.TestInvoker.invokeTestMethods(TestInvoker.java:146)
at org.testng.internal.TestMethodWorker.invokeTestMethods(TestMethodWorker.java:146)
at org.testng.internal.TestMethodWorker.run(TestMethodWorker.java:128)
at java.base/java.util.ArrayList.forEach(ArrayList.java:1540)
at org.testng.TestRunner.privateRun(TestRunner.java:766)
at org.testng.TestRunner.run(TestRunner.java:587)
at org.testng.SuiteRunner.runTest(SuiteRunner.java:384)
at org.testng.SuiteRunner.runSequentially(SuiteRunner.java:378)
at org.testng.SuiteRunner.privateRun(SuiteRunner.java:337)
at org.testng.SuiteRunner.run(SuiteRunner.java:286)
at org.testng.SuiteRunnerWorker.runSuite(SuiteRunnerWorker.java:53)
at org.testng.SuiteRunnerWorker.run(SuiteRunnerWorker.java:96)
at org.testng.TestNG.runSuitesSequentially(TestNG.java:1187)
at org.testng.TestNG.runSuitesLocally(TestNG.java:1109)
at org.testng.TestNG.runSuites(TestNG.java:1039)
at org.testng.TestNG.run(TestNG.java:1007)
at org.apache.maven.surefire.testng.TestNGExecutor.run(TestNGExecutor.java:77)
at org.apache.maven.surefire.testng.TestNGDirectoryTestSuite.executeMulti(TestNGDirectoryTestSuite.java:159)
at org.apache.maven.surefire.testng.TestNGDirectoryTestSuite.execute(TestNGDirectoryTestSuite.java:99)
at org.apache.maven.surefire.testng.TestNGProvider.invoke(TestNGProvider.java:106)
at java.base/jdk.internal.reflect.NativeMethodAccessorImpl.invoke0(Native Method)
at java.base/jdk.internal.reflect.NativeMethodAccessorImpl.invoke(NativeMethodAccessorImpl.java:62)
at java.base/jdk.internal.reflect.DelegatingMethodAccessorImpl.invoke(DelegatingMethodAccessorImpl.java:43)
at java.base/java.lang.reflect.Method.invoke(Method.java:566)
at org.apache.maven.surefire.util.ReflectionUtils.invokeMethodWithArray(ReflectionUtils.java:189)
at org.apache.maven.surefire.booter.ProviderFactory$ProviderProxy.invoke(ProviderFactory.java:165)
at org.apache.maven.surefire.booter.ProviderFactory.invokeProvider(ProviderFactory.java:85)
at org.apache.maven.surefire.booter.ForkedBooter.runSuitesInProcess(ForkedBooter.java:115)
at org.apache.maven.surefire.booter.ForkedBooter.main(ForkedBooter.java:75)
]]>
            </full-stacktrace>
          </exception> <!-- org.testng.TestException -->
          <reporter-output>
          </reporter-output>
        </test-method> <!-- testSetHocPhiWithNegative -->
        <test-method is-config="true" signature="setUpMethod()[pri:0, instance:edu.poly.model.KhoaHocNGTest@3681037]" started-at="2021-04-27T09:23:06 ICT" name="setUpMethod" finished-at="2021-04-27T09:23:06 ICT" duration-ms="0" status="PASS">
          <reporter-output>
          </reporter-output>
        </test-method> <!-- setUpMethod -->
        <test-method signature="testSetHocPhiWithValid()[pri:0, instance:edu.poly.model.KhoaHocNGTest@3681037]" started-at="2021-04-27T09:23:06 ICT" name="testSetHocPhiWithValid" finished-at="2021-04-27T09:23:06 ICT" duration-ms="0" status="PASS">
          <reporter-output>
          </reporter-output>
        </test-method> <!-- testSetHocPhiWithValid -->
        <test-method is-config="true" signature="setUpMethod()[pri:0, instance:edu.poly.model.KhoaHocNGTest@3681037]" started-at="2021-04-27T09:23:06 ICT" name="setUpMethod" finished-at="2021-04-27T09:23:06 ICT" duration-ms="0" status="PASS">
          <reporter-output>
          </reporter-output>
        </test-method> <!-- setUpMethod -->
        <test-method signature="testSetMaCD()[pri:0, instance:edu.poly.model.KhoaHocNGTest@3681037]" started-at="2021-04-27T09:23:06 ICT" name="testSetMaCD" finished-at="2021-04-27T09:23:06 ICT" duration-ms="1" status="PASS">
          <reporter-output>
          </reporter-output>
        </test-method> <!-- testSetMaCD -->
        <test-method is-config="true" signature="setUpMethod()[pri:0, instance:edu.poly.model.KhoaHocNGTest@3681037]" started-at="2021-04-27T09:23:06 ICT" name="setUpMethod" finished-at="2021-04-27T09:23:06 ICT" duration-ms="0" status="PASS">
          <reporter-output>
          </reporter-output>
        </test-method> <!-- setUpMethod -->
        <test-method is-config="true" signature="tearDownMethod()[pri:0, instance:edu.poly.model.KhoaHocNGTest@3681037]" started-at="2021-04-27T09:23:06 ICT" name="tearDownMethod" finished-at="2021-04-27T09:23:06 ICT" duration-ms="0" status="PASS">
          <reporter-output>
          </reporter-output>
        </test-method> <!-- tearDownMethod -->
        <test-method is-config="true" signature="setUpMethod()[pri:0, instance:edu.poly.model.KhoaHocNGTest@3681037]" started-at="2021-04-27T09:23:06 ICT" name="setUpMethod" finished-at="2021-04-27T09:23:06 ICT" duration-ms="0" status="PASS">
          <reporter-output>
          </reporter-output>
        </test-method> <!-- setUpMethod -->
        <test-method is-config="true" signature="tearDownMethod()[pri:0, instance:edu.poly.model.KhoaHocNGTest@3681037]" started-at="2021-04-27T09:23:06 ICT" name="tearDownMethod" finished-at="2021-04-27T09:23:06 ICT" duration-ms="0" status="PASS">
          <reporter-output>
          </reporter-output>
        </test-method> <!-- tearDownMethod -->
        <test-method signature="testSetHocPhiWithZero()[pri:0, instance:edu.poly.model.KhoaHocNGTest@3681037]" started-at="2021-04-27T09:23:06 ICT" name="testSetHocPhiWithZero" finished-at="2021-04-27T09:23:06 ICT" duration-ms="0" status="PASS">
          <reporter-output>
          </reporter-output>
        </test-method> <!-- testSetHocPhiWithZero -->
        <test-method is-config="true" signature="tearDownMethod()[pri:0, instance:edu.poly.model.KhoaHocNGTest@3681037]" started-at="2021-04-27T09:23:06 ICT" name="tearDownMethod" finished-at="2021-04-27T09:23:06 ICT" duration-ms="0" status="PASS">
          <reporter-output>
          </reporter-output>
        </test-method> <!-- tearDownMethod -->
        <test-method is-config="true" signature="setUpMethod()[pri:0, instance:edu.poly.model.KhoaHocNGTest@3681037]" started-at="2021-04-27T09:23:06 ICT" name="setUpMethod" finished-at="2021-04-27T09:23:06 ICT" duration-ms="0" status="PASS">
          <reporter-output>
          </reporter-output>
        </test-method> <!-- setUpMethod -->
        <test-method signature="testSetMaKHWithNegative()[pri:0, instance:edu.poly.model.KhoaHocNGTest@3681037]" started-at="2021-04-27T09:23:06 ICT" name="testSetMaKHWithNegative" finished-at="2021-04-27T09:23:06 ICT" duration-ms="0" status="FAIL">
          <exception class="org.testng.TestException">
            <message>
              <![CDATA[
Method KhoaHocNGTest.testSetMaKHWithNegative()[pri:0, instance:edu.poly.model.KhoaHocNGTest@3681037] should have thrown an exception of type class java.lang.Exception]]>
            </message>
            <full-stacktrace>
              <![CDATA[org.testng.TestException: 
Method KhoaHocNGTest.testSetMaKHWithNegative()[pri:0, instance:edu.poly.model.KhoaHocNGTest@3681037] should have thrown an exception of type class java.lang.Exception
at org.testng.internal.ExpectedExceptionsHolder.noException(ExpectedExceptionsHolder.java:82)
at org.testng.internal.TestInvoker.considerExceptions(TestInvoker.java:741)
at org.testng.internal.TestInvoker.invokeMethod(TestInvoker.java:629)
at org.testng.internal.TestInvoker.invokeTestMethod(TestInvoker.java:173)
at org.testng.internal.MethodRunner.runInSequence(MethodRunner.java:46)
at org.testng.internal.TestInvoker$MethodInvocationAgent.invoke(TestInvoker.java:816)
at org.testng.internal.TestInvoker.invokeTestMethods(TestInvoker.java:146)
at org.testng.internal.TestMethodWorker.invokeTestMethods(TestMethodWorker.java:146)
at org.testng.internal.TestMethodWorker.run(TestMethodWorker.java:128)
at java.base/java.util.ArrayList.forEach(ArrayList.java:1540)
at org.testng.TestRunner.privateRun(TestRunner.java:766)
at org.testng.TestRunner.run(TestRunner.java:587)
at org.testng.SuiteRunner.runTest(SuiteRunner.java:384)
at org.testng.SuiteRunner.runSequentially(SuiteRunner.java:378)
at org.testng.SuiteRunner.privateRun(SuiteRunner.java:337)
at org.testng.SuiteRunner.run(SuiteRunner.java:286)
at org.testng.SuiteRunnerWorker.runSuite(SuiteRunnerWorker.java:53)
at org.testng.SuiteRunnerWorker.run(SuiteRunnerWorker.java:96)
at org.testng.TestNG.runSuitesSequentially(TestNG.java:1187)
at org.testng.TestNG.runSuitesLocally(TestNG.java:1109)
at org.testng.TestNG.runSuites(TestNG.java:1039)
at org.testng.TestNG.run(TestNG.java:1007)
at org.apache.maven.surefire.testng.TestNGExecutor.run(TestNGExecutor.java:77)
at org.apache.maven.surefire.testng.TestNGDirectoryTestSuite.executeMulti(TestNGDirectoryTestSuite.java:159)
at org.apache.maven.surefire.testng.TestNGDirectoryTestSuite.execute(TestNGDirectoryTestSuite.java:99)
at org.apache.maven.surefire.testng.TestNGProvider.invoke(TestNGProvider.java:106)
at java.base/jdk.internal.reflect.NativeMethodAccessorImpl.invoke0(Native Method)
at java.base/jdk.internal.reflect.NativeMethodAccessorImpl.invoke(NativeMethodAccessorImpl.java:62)
at java.base/jdk.internal.reflect.DelegatingMethodAccessorImpl.invoke(DelegatingMethodAccessorImpl.java:43)
at java.base/java.lang.reflect.Method.invoke(Method.java:566)
at org.apache.maven.surefire.util.ReflectionUtils.invokeMethodWithArray(ReflectionUtils.java:189)
at org.apache.maven.surefire.booter.ProviderFactory$ProviderProxy.invoke(ProviderFactory.java:165)
at org.apache.maven.surefire.booter.ProviderFactory.invokeProvider(ProviderFactory.java:85)
at org.apache.maven.surefire.booter.ForkedBooter.runSuitesInProcess(ForkedBooter.java:115)
at org.apache.maven.surefire.booter.ForkedBooter.main(ForkedBooter.java:75)
]]>
            </full-stacktrace>
          </exception> <!-- org.testng.TestException -->
          <reporter-output>
          </reporter-output>
        </test-method> <!-- testSetMaKHWithNegative -->
        <test-method is-config="true" signature="setUpMethod()[pri:0, instance:edu.poly.model.KhoaHocNGTest@3681037]" started-at="2021-04-27T09:23:06 ICT" name="setUpMethod" finished-at="2021-04-27T09:23:06 ICT" duration-ms="0" status="PASS">
          <reporter-output>
          </reporter-output>
        </test-method> <!-- setUpMethod -->
        <test-method is-config="true" signature="tearDownMethod()[pri:0, instance:edu.poly.model.KhoaHocNGTest@3681037]" started-at="2021-04-27T09:23:06 ICT" name="tearDownMethod" finished-at="2021-04-27T09:23:06 ICT" duration-ms="0" status="PASS">
          <reporter-output>
          </reporter-output>
        </test-method> <!-- tearDownMethod -->
        <test-method is-config="true" signature="tearDownMethod()[pri:0, instance:edu.poly.model.KhoaHocNGTest@3681037]" started-at="2021-04-27T09:23:06 ICT" name="tearDownMethod" finished-at="2021-04-27T09:23:06 ICT" duration-ms="0" status="PASS">
          <reporter-output>
          </reporter-output>
        </test-method> <!-- tearDownMethod -->
        <test-method signature="testSetMaKHWithValid()[pri:0, instance:edu.poly.model.KhoaHocNGTest@3681037]" started-at="2021-04-27T09:23:06 ICT" name="testSetMaKHWithValid" finished-at="2021-04-27T09:23:06 ICT" duration-ms="0" status="PASS">
          <reporter-output>
          </reporter-output>
        </test-method> <!-- testSetMaKHWithValid -->
        <test-method is-config="true" signature="setUpMethod()[pri:0, instance:edu.poly.model.KhoaHocNGTest@3681037]" started-at="2021-04-27T09:23:06 ICT" name="setUpMethod" finished-at="2021-04-27T09:23:06 ICT" duration-ms="1" status="PASS">
          <reporter-output>
          </reporter-output>
        </test-method> <!-- setUpMethod -->
        <test-method signature="testSetMaNV()[pri:0, instance:edu.poly.model.KhoaHocNGTest@3681037]" started-at="2021-04-27T09:23:06 ICT" name="testSetMaNV" finished-at="2021-04-27T09:23:06 ICT" duration-ms="0" status="PASS">
          <reporter-output>
          </reporter-output>
        </test-method> <!-- testSetMaNV -->
        <test-method is-config="true" signature="tearDownMethod()[pri:0, instance:edu.poly.model.KhoaHocNGTest@3681037]" started-at="2021-04-27T09:23:06 ICT" name="tearDownMethod" finished-at="2021-04-27T09:23:06 ICT" duration-ms="0" status="PASS">
          <reporter-output>
          </reporter-output>
        </test-method> <!-- tearDownMethod -->
        <test-method is-config="true" signature="setUpMethod()[pri:0, instance:edu.poly.model.KhoaHocNGTest@3681037]" started-at="2021-04-27T09:23:06 ICT" name="setUpMethod" finished-at="2021-04-27T09:23:06 ICT" duration-ms="0" status="PASS">
          <reporter-output>
          </reporter-output>
        </test-method> <!-- setUpMethod -->
        <test-method signature="testSetNgayKG()[pri:0, instance:edu.poly.model.KhoaHocNGTest@3681037]" started-at="2021-04-27T09:23:06 ICT" name="testSetNgayKG" finished-at="2021-04-27T09:23:06 ICT" duration-ms="1" status="PASS">
          <reporter-output>
          </reporter-output>
        </test-method> <!-- testSetNgayKG -->
        <test-method is-config="true" signature="setUpMethod()[pri:0, instance:edu.poly.model.KhoaHocNGTest@3681037]" started-at="2021-04-27T09:23:06 ICT" name="setUpMethod" finished-at="2021-04-27T09:23:06 ICT" duration-ms="0" status="PASS">
          <reporter-output>
          </reporter-output>
        </test-method> <!-- setUpMethod -->
        <test-method signature="testSetNgayTao()[pri:0, instance:edu.poly.model.KhoaHocNGTest@3681037]" started-at="2021-04-27T09:23:06 ICT" name="testSetNgayTao" finished-at="2021-04-27T09:23:06 ICT" duration-ms="0" status="PASS">
          <reporter-output>
          </reporter-output>
        </test-method> <!-- testSetNgayTao -->
        <test-method is-config="true" signature="tearDownMethod()[pri:0, instance:edu.poly.model.KhoaHocNGTest@3681037]" started-at="2021-04-27T09:23:06 ICT" name="tearDownMethod" finished-at="2021-04-27T09:23:06 ICT" duration-ms="0" status="PASS">
          <reporter-output>
          </reporter-output>
        </test-method> <!-- tearDownMethod -->
        <test-method is-config="true" signature="tearDownMethod()[pri:0, instance:edu.poly.model.KhoaHocNGTest@3681037]" started-at="2021-04-27T09:23:06 ICT" name="tearDownMethod" finished-at="2021-04-27T09:23:06 ICT" duration-ms="1" status="PASS">
          <reporter-output>
          </reporter-output>
        </test-method> <!-- tearDownMethod -->
        <test-method is-config="true" signature="tearDownMethod()[pri:0, instance:edu.poly.model.KhoaHocNGTest@3681037]" started-at="2021-04-27T09:23:06 ICT" name="tearDownMethod" finished-at="2021-04-27T09:23:06 ICT" duration-ms="0" status="PASS">
          <reporter-output>
          </reporter-output>
        </test-method> <!-- tearDownMethod -->
        <test-method is-config="true" signature="setUpMethod()[pri:0, instance:edu.poly.model.KhoaHocNGTest@3681037]" started-at="2021-04-27T09:23:06 ICT" name="setUpMethod" finished-at="2021-04-27T09:23:06 ICT" duration-ms="0" status="PASS">
          <reporter-output>
          </reporter-output>
        </test-method> <!-- setUpMethod -->
        <test-method signature="testSetThoiLuongWithNegative()[pri:0, instance:edu.poly.model.KhoaHocNGTest@3681037]" started-at="2021-04-27T09:23:06 ICT" name="testSetThoiLuongWithNegative" finished-at="2021-04-27T09:23:06 ICT" duration-ms="0" status="FAIL">
          <exception class="org.testng.TestException">
            <message>
              <![CDATA[
Method KhoaHocNGTest.testSetThoiLuongWithNegative()[pri:0, instance:edu.poly.model.KhoaHocNGTest@3681037] should have thrown an exception of type class java.lang.Exception]]>
            </message>
            <full-stacktrace>
              <![CDATA[org.testng.TestException: 
Method KhoaHocNGTest.testSetThoiLuongWithNegative()[pri:0, instance:edu.poly.model.KhoaHocNGTest@3681037] should have thrown an exception of type class java.lang.Exception
at org.testng.internal.ExpectedExceptionsHolder.noException(ExpectedExceptionsHolder.java:82)
at org.testng.internal.TestInvoker.considerExceptions(TestInvoker.java:741)
at org.testng.internal.TestInvoker.invokeMethod(TestInvoker.java:629)
at org.testng.internal.TestInvoker.invokeTestMethod(TestInvoker.java:173)
at org.testng.internal.MethodRunner.runInSequence(MethodRunner.java:46)
at org.testng.internal.TestInvoker$MethodInvocationAgent.invoke(TestInvoker.java:816)
at org.testng.internal.TestInvoker.invokeTestMethods(TestInvoker.java:146)
at org.testng.internal.TestMethodWorker.invokeTestMethods(TestMethodWorker.java:146)
at org.testng.internal.TestMethodWorker.run(TestMethodWorker.java:128)
at java.base/java.util.ArrayList.forEach(ArrayList.java:1540)
at org.testng.TestRunner.privateRun(TestRunner.java:766)
at org.testng.TestRunner.run(TestRunner.java:587)
at org.testng.SuiteRunner.runTest(SuiteRunner.java:384)
at org.testng.SuiteRunner.runSequentially(SuiteRunner.java:378)
at org.testng.SuiteRunner.privateRun(SuiteRunner.java:337)
at org.testng.SuiteRunner.run(SuiteRunner.java:286)
at org.testng.SuiteRunnerWorker.runSuite(SuiteRunnerWorker.java:53)
at org.testng.SuiteRunnerWorker.run(SuiteRunnerWorker.java:96)
at org.testng.TestNG.runSuitesSequentially(TestNG.java:1187)
at org.testng.TestNG.runSuitesLocally(TestNG.java:1109)
at org.testng.TestNG.runSuites(TestNG.java:1039)
at org.testng.TestNG.run(TestNG.java:1007)
at org.apache.maven.surefire.testng.TestNGExecutor.run(TestNGExecutor.java:77)
at org.apache.maven.surefire.testng.TestNGDirectoryTestSuite.executeMulti(TestNGDirectoryTestSuite.java:159)
at org.apache.maven.surefire.testng.TestNGDirectoryTestSuite.execute(TestNGDirectoryTestSuite.java:99)
at org.apache.maven.surefire.testng.TestNGProvider.invoke(TestNGProvider.java:106)
at java.base/jdk.internal.reflect.NativeMethodAccessorImpl.invoke0(Native Method)
at java.base/jdk.internal.reflect.NativeMethodAccessorImpl.invoke(NativeMethodAccessorImpl.java:62)
at java.base/jdk.internal.reflect.DelegatingMethodAccessorImpl.invoke(DelegatingMethodAccessorImpl.java:43)
at java.base/java.lang.reflect.Method.invoke(Method.java:566)
at org.apache.maven.surefire.util.ReflectionUtils.invokeMethodWithArray(ReflectionUtils.java:189)
at org.apache.maven.surefire.booter.ProviderFactory$ProviderProxy.invoke(ProviderFactory.java:165)
at org.apache.maven.surefire.booter.ProviderFactory.invokeProvider(ProviderFactory.java:85)
at org.apache.maven.surefire.booter.ForkedBooter.runSuitesInProcess(ForkedBooter.java:115)
at org.apache.maven.surefire.booter.ForkedBooter.main(ForkedBooter.java:75)
]]>
            </full-stacktrace>
          </exception> <!-- org.testng.TestException -->
          <reporter-output>
          </reporter-output>
        </test-method> <!-- testSetThoiLuongWithNegative -->
        <test-method signature="testSetThoiLuongWithValid()[pri:0, instance:edu.poly.model.KhoaHocNGTest@3681037]" started-at="2021-04-27T09:23:06 ICT" name="testSetThoiLuongWithValid" finished-at="2021-04-27T09:23:06 ICT" duration-ms="0" status="PASS">
          <reporter-output>
          </reporter-output>
        </test-method> <!-- testSetThoiLuongWithValid -->
        <test-method is-config="true" signature="setUpMethod()[pri:0, instance:edu.poly.model.KhoaHocNGTest@3681037]" started-at="2021-04-27T09:23:06 ICT" name="setUpMethod" finished-at="2021-04-27T09:23:06 ICT" duration-ms="0" status="PASS">
          <reporter-output>
          </reporter-output>
        </test-method> <!-- setUpMethod -->
        <test-method signature="testSetThoiLuongWithZero()[pri:0, instance:edu.poly.model.KhoaHocNGTest@3681037]" started-at="2021-04-27T09:23:06 ICT" name="testSetThoiLuongWithZero" finished-at="2021-04-27T09:23:06 ICT" duration-ms="0" status="FAIL">
          <exception class="org.testng.TestException">
            <message>
              <![CDATA[
Method KhoaHocNGTest.testSetThoiLuongWithZero()[pri:0, instance:edu.poly.model.KhoaHocNGTest@3681037] should have thrown an exception of type class java.lang.Exception]]>
            </message>
            <full-stacktrace>
              <![CDATA[org.testng.TestException: 
Method KhoaHocNGTest.testSetThoiLuongWithZero()[pri:0, instance:edu.poly.model.KhoaHocNGTest@3681037] should have thrown an exception of type class java.lang.Exception
at org.testng.internal.ExpectedExceptionsHolder.noException(ExpectedExceptionsHolder.java:82)
at org.testng.internal.TestInvoker.considerExceptions(TestInvoker.java:741)
at org.testng.internal.TestInvoker.invokeMethod(TestInvoker.java:629)
at org.testng.internal.TestInvoker.invokeTestMethod(TestInvoker.java:173)
at org.testng.internal.MethodRunner.runInSequence(MethodRunner.java:46)
at org.testng.internal.TestInvoker$MethodInvocationAgent.invoke(TestInvoker.java:816)
at org.testng.internal.TestInvoker.invokeTestMethods(TestInvoker.java:146)
at org.testng.internal.TestMethodWorker.invokeTestMethods(TestMethodWorker.java:146)
at org.testng.internal.TestMethodWorker.run(TestMethodWorker.java:128)
at java.base/java.util.ArrayList.forEach(ArrayList.java:1540)
at org.testng.TestRunner.privateRun(TestRunner.java:766)
at org.testng.TestRunner.run(TestRunner.java:587)
at org.testng.SuiteRunner.runTest(SuiteRunner.java:384)
at org.testng.SuiteRunner.runSequentially(SuiteRunner.java:378)
at org.testng.SuiteRunner.privateRun(SuiteRunner.java:337)
at org.testng.SuiteRunner.run(SuiteRunner.java:286)
at org.testng.SuiteRunnerWorker.runSuite(SuiteRunnerWorker.java:53)
at org.testng.SuiteRunnerWorker.run(SuiteRunnerWorker.java:96)
at org.testng.TestNG.runSuitesSequentially(TestNG.java:1187)
at org.testng.TestNG.runSuitesLocally(TestNG.java:1109)
at org.testng.TestNG.runSuites(TestNG.java:1039)
at org.testng.TestNG.run(TestNG.java:1007)
at org.apache.maven.surefire.testng.TestNGExecutor.run(TestNGExecutor.java:77)
at org.apache.maven.surefire.testng.TestNGDirectoryTestSuite.executeMulti(TestNGDirectoryTestSuite.java:159)
at org.apache.maven.surefire.testng.TestNGDirectoryTestSuite.execute(TestNGDirectoryTestSuite.java:99)
at org.apache.maven.surefire.testng.TestNGProvider.invoke(TestNGProvider.java:106)
at java.base/jdk.internal.reflect.NativeMethodAccessorImpl.invoke0(Native Method)
at java.base/jdk.internal.reflect.NativeMethodAccessorImpl.invoke(NativeMethodAccessorImpl.java:62)
at java.base/jdk.internal.reflect.DelegatingMethodAccessorImpl.invoke(DelegatingMethodAccessorImpl.java:43)
at java.base/java.lang.reflect.Method.invoke(Method.java:566)
at org.apache.maven.surefire.util.ReflectionUtils.invokeMethodWithArray(ReflectionUtils.java:189)
at org.apache.maven.surefire.booter.ProviderFactory$ProviderProxy.invoke(ProviderFactory.java:165)
at org.apache.maven.surefire.booter.ProviderFactory.invokeProvider(ProviderFactory.java:85)
at org.apache.maven.surefire.booter.ForkedBooter.runSuitesInProcess(ForkedBooter.java:115)
at org.apache.maven.surefire.booter.ForkedBooter.main(ForkedBooter.java:75)
]]>
            </full-stacktrace>
          </exception> <!-- org.testng.TestException -->
          <reporter-output>
          </reporter-output>
        </test-method> <!-- testSetThoiLuongWithZero -->
        <test-method is-config="true" signature="setUpMethod()[pri:0, instance:edu.poly.model.KhoaHocNGTest@3681037]" started-at="2021-04-27T09:23:06 ICT" name="setUpMethod" finished-at="2021-04-27T09:23:06 ICT" duration-ms="0" status="PASS">
          <reporter-output>
          </reporter-output>
        </test-method> <!-- setUpMethod -->
        <test-method is-config="true" signature="tearDownMethod()[pri:0, instance:edu.poly.model.KhoaHocNGTest@3681037]" started-at="2021-04-27T09:23:06 ICT" name="tearDownMethod" finished-at="2021-04-27T09:23:06 ICT" duration-ms="0" status="PASS">
          <reporter-output>
          </reporter-output>
        </test-method> <!-- tearDownMethod -->
        <test-method is-config="true" signature="tearDownMethod()[pri:0, instance:edu.poly.model.KhoaHocNGTest@3681037]" started-at="2021-04-27T09:23:06 ICT" name="tearDownMethod" finished-at="2021-04-27T09:23:06 ICT" duration-ms="0" status="PASS">
          <reporter-output>
          </reporter-output>
        </test-method> <!-- tearDownMethod -->
        <test-method signature="testToString()[pri:0, instance:edu.poly.model.KhoaHocNGTest@3681037]" started-at="2021-04-27T09:23:06 ICT" name="testToString" finished-at="2021-04-27T09:23:06 ICT" duration-ms="8" status="FAIL">
          <exception class="java.lang.AssertionError">
            <message>
              <![CDATA[expected [] but found [null (null)]]]>
            </message>
            <full-stacktrace>
              <![CDATA[java.lang.AssertionError: expected [] but found [null (null)]
at org.testng.Assert.fail(Assert.java:97)
at org.testng.Assert.assertEqualsImpl(Assert.java:136)
at org.testng.Assert.assertEquals(Assert.java:118)
at org.testng.Assert.assertEquals(Assert.java:575)
at org.testng.Assert.assertEquals(Assert.java:585)
at edu.poly.model.KhoaHocNGTest.testToString(KhoaHocNGTest.java:273)
at java.base/jdk.internal.reflect.NativeMethodAccessorImpl.invoke0(Native Method)
at java.base/jdk.internal.reflect.NativeMethodAccessorImpl.invoke(NativeMethodAccessorImpl.java:62)
at java.base/jdk.internal.reflect.DelegatingMethodAccessorImpl.invoke(DelegatingMethodAccessorImpl.java:43)
at java.base/java.lang.reflect.Method.invoke(Method.java:566)
at org.testng.internal.MethodInvocationHelper.invokeMethod(MethodInvocationHelper.java:134)
at org.testng.internal.TestInvoker.invokeMethod(TestInvoker.java:597)
at org.testng.internal.TestInvoker.invokeTestMethod(TestInvoker.java:173)
at org.testng.internal.MethodRunner.runInSequence(MethodRunner.java:46)
at org.testng.internal.TestInvoker$MethodInvocationAgent.invoke(TestInvoker.java:816)
at org.testng.internal.TestInvoker.invokeTestMethods(TestInvoker.java:146)
at org.testng.internal.TestMethodWorker.invokeTestMethods(TestMethodWorker.java:146)
at org.testng.internal.TestMethodWorker.run(TestMethodWorker.java:128)
at java.base/java.util.ArrayList.forEach(ArrayList.java:1540)
at org.testng.TestRunner.privateRun(TestRunner.java:766)
at org.testng.TestRunner.run(TestRunner.java:587)
at org.testng.SuiteRunner.runTest(SuiteRunner.java:384)
at org.testng.SuiteRunner.runSequentially(SuiteRunner.java:378)
at org.testng.SuiteRunner.privateRun(SuiteRunner.java:337)
at org.testng.SuiteRunner.run(SuiteRunner.java:286)
at org.testng.SuiteRunnerWorker.runSuite(SuiteRunnerWorker.java:53)
at org.testng.SuiteRunnerWorker.run(SuiteRunnerWorker.java:96)
at org.testng.TestNG.runSuitesSequentially(TestNG.java:1187)
at org.testng.TestNG.runSuitesLocally(TestNG.java:1109)
at org.testng.TestNG.runSuites(TestNG.java:1039)
at org.testng.TestNG.run(TestNG.java:1007)
at org.apache.maven.surefire.testng.TestNGExecutor.run(TestNGExecutor.java:77)
at org.apache.maven.surefire.testng.TestNGDirectoryTestSuite.executeMulti(TestNGDirectoryTestSuite.java:159)
at org.apache.maven.surefire.testng.TestNGDirectoryTestSuite.execute(TestNGDirectoryTestSuite.java:99)
at org.apache.maven.surefire.testng.TestNGProvider.invoke(TestNGProvider.java:106)
at java.base/jdk.internal.reflect.NativeMethodAccessorImpl.invoke0(Native Method)
at java.base/jdk.internal.reflect.NativeMethodAccessorImpl.invoke(NativeMethodAccessorImpl.java:62)
at java.base/jdk.internal.reflect.DelegatingMethodAccessorImpl.invoke(DelegatingMethodAccessorImpl.java:43)
at java.base/java.lang.reflect.Method.invoke(Method.java:566)
at org.apache.maven.surefire.util.ReflectionUtils.invokeMethodWithArray(ReflectionUtils.java:189)
at org.apache.maven.surefire.booter.ProviderFactory$ProviderProxy.invoke(ProviderFactory.java:165)
at org.apache.maven.surefire.booter.ProviderFactory.invokeProvider(ProviderFactory.java:85)
at org.apache.maven.surefire.booter.ForkedBooter.runSuitesInProcess(ForkedBooter.java:115)
at org.apache.maven.surefire.booter.ForkedBooter.main(ForkedBooter.java:75)
]]>
            </full-stacktrace>
          </exception> <!-- java.lang.AssertionError -->
          <reporter-output>
          </reporter-output>
        </test-method> <!-- testToString -->
        <test-method is-config="true" signature="setUpMethod()[pri:0, instance:edu.poly.model.KhoaHocNGTest@3681037]" started-at="2021-04-27T09:23:06 ICT" name="setUpMethod" finished-at="2021-04-27T09:23:06 ICT" duration-ms="0" status="PASS">
          <reporter-output>
          </reporter-output>
        </test-method> <!-- setUpMethod -->
        <test-method is-config="true" signature="tearDownMethod()[pri:0, instance:edu.poly.model.KhoaHocNGTest@3681037]" started-at="2021-04-27T09:23:06 ICT" name="tearDownMethod" finished-at="2021-04-27T09:23:06 ICT" duration-ms="0" status="PASS">
          <reporter-output>
          </reporter-output>
        </test-method> <!-- tearDownMethod -->
        <test-method is-config="true" signature="tearDownClass()[pri:0, instance:edu.poly.model.KhoaHocNGTest@3681037]" started-at="2021-04-27T09:23:06 ICT" name="tearDownClass" finished-at="2021-04-27T09:23:06 ICT" duration-ms="0" status="PASS">
          <reporter-output>
          </reporter-output>
        </test-method> <!-- tearDownClass -->
      </class> <!-- edu.poly.model.KhoaHocNGTest -->
      <class name="edu.poly.dao.KhoaHocDaoNGTest">
        <test-method is-config="true" signature="setUpClass()[pri:0, instance:edu.poly.dao.KhoaHocDaoNGTest_$$_jvstb41_0@7a34f66a]" started-at="2021-04-27T09:23:00 ICT" name="setUpClass" finished-at="2021-04-27T09:23:00 ICT" duration-ms="0" status="PASS">
          <reporter-output>
          </reporter-output>
        </test-method> <!-- setUpClass -->
        <test-method is-config="true" signature="setUpMethod()[pri:0, instance:edu.poly.dao.KhoaHocDaoNGTest_$$_jvstb41_0@7a34f66a]" started-at="2021-04-27T09:23:00 ICT" name="setUpMethod" finished-at="2021-04-27T09:23:01 ICT" duration-ms="823" status="PASS">
          <reporter-output>
          </reporter-output>
        </test-method> <!-- setUpMethod -->
        <test-method signature="testDeleteWithNull()[pri:0, instance:edu.poly.dao.KhoaHocDaoNGTest_$$_jvstb41_0@7a34f66a]" started-at="2021-04-27T09:23:01 ICT" name="testDeleteWithNull" finished-at="2021-04-27T09:23:01 ICT" duration-ms="21" status="FAIL">
          <exception class="org.testng.TestException">
            <message>
              <![CDATA[
Method KhoaHocDaoNGTest.testDeleteWithNull()[pri:0, instance:edu.poly.dao.KhoaHocDaoNGTest_$$_jvstb41_0@7a34f66a] should have thrown an exception of type class java.lang.Exception]]>
            </message>
            <full-stacktrace>
              <![CDATA[org.testng.TestException: 
Method KhoaHocDaoNGTest.testDeleteWithNull()[pri:0, instance:edu.poly.dao.KhoaHocDaoNGTest_$$_jvstb41_0@7a34f66a] should have thrown an exception of type class java.lang.Exception
at org.testng.internal.ExpectedExceptionsHolder.noException(ExpectedExceptionsHolder.java:82)
at org.testng.internal.TestInvoker.considerExceptions(TestInvoker.java:741)
at org.testng.internal.TestInvoker.invokeMethod(TestInvoker.java:629)
at org.testng.internal.TestInvoker.invokeTestMethod(TestInvoker.java:173)
at org.testng.internal.MethodRunner.runInSequence(MethodRunner.java:46)
at org.testng.internal.TestInvoker$MethodInvocationAgent.invoke(TestInvoker.java:816)
at org.testng.internal.TestInvoker.invokeTestMethods(TestInvoker.java:146)
at org.testng.internal.TestMethodWorker.invokeTestMethods(TestMethodWorker.java:146)
at org.testng.internal.TestMethodWorker.run(TestMethodWorker.java:128)
at java.base/java.util.ArrayList.forEach(ArrayList.java:1540)
at org.testng.TestRunner.privateRun(TestRunner.java:766)
at org.testng.TestRunner.run(TestRunner.java:587)
at org.testng.SuiteRunner.runTest(SuiteRunner.java:384)
at org.testng.SuiteRunner.runSequentially(SuiteRunner.java:378)
at org.testng.SuiteRunner.privateRun(SuiteRunner.java:337)
at org.testng.SuiteRunner.run(SuiteRunner.java:286)
at org.testng.SuiteRunnerWorker.runSuite(SuiteRunnerWorker.java:53)
at org.testng.SuiteRunnerWorker.run(SuiteRunnerWorker.java:96)
at org.testng.TestNG.runSuitesSequentially(TestNG.java:1187)
at org.testng.TestNG.runSuitesLocally(TestNG.java:1109)
at org.testng.TestNG.runSuites(TestNG.java:1039)
at org.testng.TestNG.run(TestNG.java:1007)
at org.apache.maven.surefire.testng.TestNGExecutor.run(TestNGExecutor.java:77)
at org.apache.maven.surefire.testng.TestNGDirectoryTestSuite.executeMulti(TestNGDirectoryTestSuite.java:159)
at org.apache.maven.surefire.testng.TestNGDirectoryTestSuite.execute(TestNGDirectoryTestSuite.java:99)
at org.apache.maven.surefire.testng.TestNGProvider.invoke(TestNGProvider.java:106)
at java.base/jdk.internal.reflect.NativeMethodAccessorImpl.invoke0(Native Method)
at java.base/jdk.internal.reflect.NativeMethodAccessorImpl.invoke(NativeMethodAccessorImpl.java:62)
at java.base/jdk.internal.reflect.DelegatingMethodAccessorImpl.invoke(DelegatingMethodAccessorImpl.java:43)
at java.base/java.lang.reflect.Method.invoke(Method.java:566)
at org.apache.maven.surefire.util.ReflectionUtils.invokeMethodWithArray(ReflectionUtils.java:189)
at org.apache.maven.surefire.booter.ProviderFactory$ProviderProxy.invoke(ProviderFactory.java:165)
at org.apache.maven.surefire.booter.ProviderFactory.invokeProvider(ProviderFactory.java:85)
at org.apache.maven.surefire.booter.ForkedBooter.runSuitesInProcess(ForkedBooter.java:115)
at org.apache.maven.surefire.booter.ForkedBooter.main(ForkedBooter.java:75)
]]>
            </full-stacktrace>
          </exception> <!-- org.testng.TestException -->
          <reporter-output>
          </reporter-output>
        </test-method> <!-- testDeleteWithNull -->
        <test-method is-config="true" signature="tearDownMethod()[pri:0, instance:edu.poly.dao.KhoaHocDaoNGTest_$$_jvstb41_0@7a34f66a]" started-at="2021-04-27T09:23:01 ICT" name="tearDownMethod" finished-at="2021-04-27T09:23:01 ICT" duration-ms="0" status="PASS">
          <reporter-output>
          </reporter-output>
        </test-method> <!-- tearDownMethod -->
        <test-method is-config="true" signature="setUpMethod()[pri:0, instance:edu.poly.dao.KhoaHocDaoNGTest_$$_jvstb41_0@7a34f66a]" started-at="2021-04-27T09:23:01 ICT" name="setUpMethod" finished-at="2021-04-27T09:23:01 ICT" duration-ms="3" status="PASS">
          <reporter-output>
          </reporter-output>
        </test-method> <!-- setUpMethod -->
        <test-method signature="testDeleteWithValid()[pri:0, instance:edu.poly.dao.KhoaHocDaoNGTest_$$_jvstb41_0@7a34f66a]" started-at="2021-04-27T09:23:01 ICT" name="testDeleteWithValid" finished-at="2021-04-27T09:23:01 ICT" duration-ms="1" status="PASS">
          <reporter-output>
          </reporter-output>
        </test-method> <!-- testDeleteWithValid -->
        <test-method signature="testFindByIdWithNotFoundID()[pri:0, instance:edu.poly.dao.KhoaHocDaoNGTest_$$_jvstb41_0@7a34f66a]" started-at="2021-04-27T09:23:01 ICT" name="testFindByIdWithNotFoundID" finished-at="2021-04-27T09:23:01 ICT" duration-ms="17" status="PASS">
          <reporter-output>
          </reporter-output>
        </test-method> <!-- testFindByIdWithNotFoundID -->
        <test-method is-config="true" signature="setUpMethod()[pri:0, instance:edu.poly.dao.KhoaHocDaoNGTest_$$_jvstb41_0@7a34f66a]" started-at="2021-04-27T09:23:01 ICT" name="setUpMethod" finished-at="2021-04-27T09:23:01 ICT" duration-ms="0" status="PASS">
          <reporter-output>
          </reporter-output>
        </test-method> <!-- setUpMethod -->
        <test-method is-config="true" signature="tearDownMethod()[pri:0, instance:edu.poly.dao.KhoaHocDaoNGTest_$$_jvstb41_0@7a34f66a]" started-at="2021-04-27T09:23:01 ICT" name="tearDownMethod" finished-at="2021-04-27T09:23:01 ICT" duration-ms="0" status="PASS">
          <reporter-output>
          </reporter-output>
        </test-method> <!-- tearDownMethod -->
        <test-method is-config="true" signature="tearDownMethod()[pri:0, instance:edu.poly.dao.KhoaHocDaoNGTest_$$_jvstb41_0@7a34f66a]" started-at="2021-04-27T09:23:01 ICT" name="tearDownMethod" finished-at="2021-04-27T09:23:01 ICT" duration-ms="0" status="PASS">
          <reporter-output>
          </reporter-output>
        </test-method> <!-- tearDownMethod -->
        <test-method signature="testFindByIdWithValidID()[pri:0, instance:edu.poly.dao.KhoaHocDaoNGTest_$$_jvstb41_0@7a34f66a]" started-at="2021-04-27T09:23:01 ICT" name="testFindByIdWithValidID" finished-at="2021-04-27T09:23:01 ICT" duration-ms="50" status="PASS">
          <reporter-output>
          </reporter-output>
        </test-method> <!-- testFindByIdWithValidID -->
        <test-method is-config="true" signature="setUpMethod()[pri:0, instance:edu.poly.dao.KhoaHocDaoNGTest_$$_jvstb41_0@7a34f66a]" started-at="2021-04-27T09:23:01 ICT" name="setUpMethod" finished-at="2021-04-27T09:23:01 ICT" duration-ms="0" status="PASS">
          <reporter-output>
          </reporter-output>
        </test-method> <!-- setUpMethod -->
        <test-method is-config="true" signature="tearDownMethod()[pri:0, instance:edu.poly.dao.KhoaHocDaoNGTest_$$_jvstb41_0@7a34f66a]" started-at="2021-04-27T09:23:01 ICT" name="tearDownMethod" finished-at="2021-04-27T09:23:01 ICT" duration-ms="0" status="PASS">
          <reporter-output>
          </reporter-output>
        </test-method> <!-- tearDownMethod -->
        <test-method is-config="true" signature="tearDownMethod()[pri:0, instance:edu.poly.dao.KhoaHocDaoNGTest_$$_jvstb41_0@7a34f66a]" started-at="2021-04-27T09:23:01 ICT" name="tearDownMethod" finished-at="2021-04-27T09:23:01 ICT" duration-ms="0" status="PASS">
          <reporter-output>
          </reporter-output>
        </test-method> <!-- tearDownMethod -->
        <test-method is-config="true" signature="setUpMethod()[pri:0, instance:edu.poly.dao.KhoaHocDaoNGTest_$$_jvstb41_0@7a34f66a]" started-at="2021-04-27T09:23:01 ICT" name="setUpMethod" finished-at="2021-04-27T09:23:01 ICT" duration-ms="0" status="PASS">
          <reporter-output>
          </reporter-output>
        </test-method> <!-- setUpMethod -->
        <test-method signature="testInsertWithValid()[pri:0, instance:edu.poly.dao.KhoaHocDaoNGTest_$$_jvstb41_0@7a34f66a]" started-at="2021-04-27T09:23:01 ICT" name="testInsertWithValid" finished-at="2021-04-27T09:23:01 ICT" duration-ms="14" status="PASS">
          <reporter-output>
          </reporter-output>
        </test-method> <!-- testInsertWithValid -->
        <test-method is-config="true" signature="setUpMethod()[pri:0, instance:edu.poly.dao.KhoaHocDaoNGTest_$$_jvstb41_0@7a34f66a]" started-at="2021-04-27T09:23:01 ICT" name="setUpMethod" finished-at="2021-04-27T09:23:01 ICT" duration-ms="0" status="PASS">
          <reporter-output>
          </reporter-output>
        </test-method> <!-- setUpMethod -->
        <test-method signature="testInsertWithEmptyModel()[pri:0, instance:edu.poly.dao.KhoaHocDaoNGTest_$$_jvstb41_0@7a34f66a]" started-at="2021-04-27T09:23:01 ICT" name="testInsertWithEmptyModel" finished-at="2021-04-27T09:23:01 ICT" duration-ms="0" status="FAIL">
          <exception class="org.testng.TestException">
            <message>
              <![CDATA[
Method KhoaHocDaoNGTest.testInsertWithEmptyModel()[pri:0, instance:edu.poly.dao.KhoaHocDaoNGTest_$$_jvstb41_0@7a34f66a] should have thrown an exception of type class java.lang.Exception]]>
            </message>
            <full-stacktrace>
              <![CDATA[org.testng.TestException: 
Method KhoaHocDaoNGTest.testInsertWithEmptyModel()[pri:0, instance:edu.poly.dao.KhoaHocDaoNGTest_$$_jvstb41_0@7a34f66a] should have thrown an exception of type class java.lang.Exception
at org.testng.internal.ExpectedExceptionsHolder.noException(ExpectedExceptionsHolder.java:82)
at org.testng.internal.TestInvoker.considerExceptions(TestInvoker.java:741)
at org.testng.internal.TestInvoker.invokeMethod(TestInvoker.java:629)
at org.testng.internal.TestInvoker.invokeTestMethod(TestInvoker.java:173)
at org.testng.internal.MethodRunner.runInSequence(MethodRunner.java:46)
at org.testng.internal.TestInvoker$MethodInvocationAgent.invoke(TestInvoker.java:816)
at org.testng.internal.TestInvoker.invokeTestMethods(TestInvoker.java:146)
at org.testng.internal.TestMethodWorker.invokeTestMethods(TestMethodWorker.java:146)
at org.testng.internal.TestMethodWorker.run(TestMethodWorker.java:128)
at java.base/java.util.ArrayList.forEach(ArrayList.java:1540)
at org.testng.TestRunner.privateRun(TestRunner.java:766)
at org.testng.TestRunner.run(TestRunner.java:587)
at org.testng.SuiteRunner.runTest(SuiteRunner.java:384)
at org.testng.SuiteRunner.runSequentially(SuiteRunner.java:378)
at org.testng.SuiteRunner.privateRun(SuiteRunner.java:337)
at org.testng.SuiteRunner.run(SuiteRunner.java:286)
at org.testng.SuiteRunnerWorker.runSuite(SuiteRunnerWorker.java:53)
at org.testng.SuiteRunnerWorker.run(SuiteRunnerWorker.java:96)
at org.testng.TestNG.runSuitesSequentially(TestNG.java:1187)
at org.testng.TestNG.runSuitesLocally(TestNG.java:1109)
at org.testng.TestNG.runSuites(TestNG.java:1039)
at org.testng.TestNG.run(TestNG.java:1007)
at org.apache.maven.surefire.testng.TestNGExecutor.run(TestNGExecutor.java:77)
at org.apache.maven.surefire.testng.TestNGDirectoryTestSuite.executeMulti(TestNGDirectoryTestSuite.java:159)
at org.apache.maven.surefire.testng.TestNGDirectoryTestSuite.execute(TestNGDirectoryTestSuite.java:99)
at org.apache.maven.surefire.testng.TestNGProvider.invoke(TestNGProvider.java:106)
at java.base/jdk.internal.reflect.NativeMethodAccessorImpl.invoke0(Native Method)
at java.base/jdk.internal.reflect.NativeMethodAccessorImpl.invoke(NativeMethodAccessorImpl.java:62)
at java.base/jdk.internal.reflect.DelegatingMethodAccessorImpl.invoke(DelegatingMethodAccessorImpl.java:43)
at java.base/java.lang.reflect.Method.invoke(Method.java:566)
at org.apache.maven.surefire.util.ReflectionUtils.invokeMethodWithArray(ReflectionUtils.java:189)
at org.apache.maven.surefire.booter.ProviderFactory$ProviderProxy.invoke(ProviderFactory.java:165)
at org.apache.maven.surefire.booter.ProviderFactory.invokeProvider(ProviderFactory.java:85)
at org.apache.maven.surefire.booter.ForkedBooter.runSuitesInProcess(ForkedBooter.java:115)
at org.apache.maven.surefire.booter.ForkedBooter.main(ForkedBooter.java:75)
]]>
            </full-stacktrace>
          </exception> <!-- org.testng.TestException -->
          <reporter-output>
          </reporter-output>
        </test-method> <!-- testInsertWithEmptyModel -->
        <test-method is-config="true" signature="tearDownMethod()[pri:0, instance:edu.poly.dao.KhoaHocDaoNGTest_$$_jvstb41_0@7a34f66a]" started-at="2021-04-27T09:23:01 ICT" name="tearDownMethod" finished-at="2021-04-27T09:23:01 ICT" duration-ms="0" status="PASS">
          <reporter-output>
          </reporter-output>
        </test-method> <!-- tearDownMethod -->
        <test-method is-config="true" signature="setUpMethod()[pri:0, instance:edu.poly.dao.KhoaHocDaoNGTest_$$_jvstb41_0@7a34f66a]" started-at="2021-04-27T09:23:01 ICT" name="setUpMethod" finished-at="2021-04-27T09:23:01 ICT" duration-ms="0" status="PASS">
          <reporter-output>
          </reporter-output>
        </test-method> <!-- setUpMethod -->
        <test-method signature="testInsertWithNullModel()[pri:0, instance:edu.poly.dao.KhoaHocDaoNGTest_$$_jvstb41_0@7a34f66a]" started-at="2021-04-27T09:23:01 ICT" name="testInsertWithNullModel" finished-at="2021-04-27T09:23:01 ICT" duration-ms="0" status="PASS">
          <exception class="java.lang.NullPointerException">
            <full-stacktrace>
              <![CDATA[java.lang.NullPointerException
at edu.poly.dao.KhoaHocDao.insert(KhoaHocDao.java:23)
at edu.poly.dao.KhoaHocDaoNGTest.testInsertWithNullModel(KhoaHocDaoNGTest.java:76)
at edu.poly.dao.KhoaHocDaoNGTest_$$_jvstb41_0._d17testInsertWithNullModel(KhoaHocDaoNGTest_$$_jvstb41_0.java)
at java.base/jdk.internal.reflect.NativeMethodAccessorImpl.invoke0(Native Method)
at java.base/jdk.internal.reflect.NativeMethodAccessorImpl.invoke(NativeMethodAccessorImpl.java:62)
at java.base/jdk.internal.reflect.DelegatingMethodAccessorImpl.invoke(DelegatingMethodAccessorImpl.java:43)
at java.base/java.lang.reflect.Method.invoke(Method.java:566)
at org.powermock.modules.testng.internal.PowerMockTestNGMethodHandler.invoke(PowerMockTestNGMethodHandler.java:50)
at edu.poly.dao.KhoaHocDaoNGTest_$$_jvstb41_0.testInsertWithNullModel(KhoaHocDaoNGTest_$$_jvstb41_0.java)
at java.base/jdk.internal.reflect.NativeMethodAccessorImpl.invoke0(Native Method)
at java.base/jdk.internal.reflect.NativeMethodAccessorImpl.invoke(NativeMethodAccessorImpl.java:62)
at java.base/jdk.internal.reflect.DelegatingMethodAccessorImpl.invoke(DelegatingMethodAccessorImpl.java:43)
at java.base/java.lang.reflect.Method.invoke(Method.java:566)
at org.testng.internal.MethodInvocationHelper.invokeMethod(MethodInvocationHelper.java:134)
at org.testng.internal.TestInvoker.invokeMethod(TestInvoker.java:597)
at org.testng.internal.TestInvoker.invokeTestMethod(TestInvoker.java:173)
at org.testng.internal.MethodRunner.runInSequence(MethodRunner.java:46)
at org.testng.internal.TestInvoker$MethodInvocationAgent.invoke(TestInvoker.java:816)
at org.testng.internal.TestInvoker.invokeTestMethods(TestInvoker.java:146)
at org.testng.internal.TestMethodWorker.invokeTestMethods(TestMethodWorker.java:146)
at org.testng.internal.TestMethodWorker.run(TestMethodWorker.java:128)
at java.base/java.util.ArrayList.forEach(ArrayList.java:1540)
at org.testng.TestRunner.privateRun(TestRunner.java:766)
at org.testng.TestRunner.run(TestRunner.java:587)
at org.testng.SuiteRunner.runTest(SuiteRunner.java:384)
at org.testng.SuiteRunner.runSequentially(SuiteRunner.java:378)
at org.testng.SuiteRunner.privateRun(SuiteRunner.java:337)
at org.testng.SuiteRunner.run(SuiteRunner.java:286)
at org.testng.SuiteRunnerWorker.runSuite(SuiteRunnerWorker.java:53)
at org.testng.SuiteRunnerWorker.run(SuiteRunnerWorker.java:96)
at org.testng.TestNG.runSuitesSequentially(TestNG.java:1187)
at org.testng.TestNG.runSuitesLocally(TestNG.java:1109)
at org.testng.TestNG.runSuites(TestNG.java:1039)
at org.testng.TestNG.run(TestNG.java:1007)
at org.apache.maven.surefire.testng.TestNGExecutor.run(TestNGExecutor.java:77)
at org.apache.maven.surefire.testng.TestNGDirectoryTestSuite.executeMulti(TestNGDirectoryTestSuite.java:159)
at org.apache.maven.surefire.testng.TestNGDirectoryTestSuite.execute(TestNGDirectoryTestSuite.java:99)
at org.apache.maven.surefire.testng.TestNGProvider.invoke(TestNGProvider.java:106)
at java.base/jdk.internal.reflect.NativeMethodAccessorImpl.invoke0(Native Method)
at java.base/jdk.internal.reflect.NativeMethodAccessorImpl.invoke(NativeMethodAccessorImpl.java:62)
at java.base/jdk.internal.reflect.DelegatingMethodAccessorImpl.invoke(DelegatingMethodAccessorImpl.java:43)
at java.base/java.lang.reflect.Method.invoke(Method.java:566)
at org.apache.maven.surefire.util.ReflectionUtils.invokeMethodWithArray(ReflectionUtils.java:189)
at org.apache.maven.surefire.booter.ProviderFactory$ProviderProxy.invoke(ProviderFactory.java:165)
at org.apache.maven.surefire.booter.ProviderFactory.invokeProvider(ProviderFactory.java:85)
at org.apache.maven.surefire.booter.ForkedBooter.runSuitesInProcess(ForkedBooter.java:115)
at org.apache.maven.surefire.booter.ForkedBooter.main(ForkedBooter.java:75)
]]>
            </full-stacktrace>
          </exception> <!-- java.lang.NullPointerException -->
          <reporter-output>
          </reporter-output>
        </test-method> <!-- testInsertWithNullModel -->
        <test-method is-config="true" signature="tearDownMethod()[pri:0, instance:edu.poly.dao.KhoaHocDaoNGTest_$$_jvstb41_0@7a34f66a]" started-at="2021-04-27T09:23:01 ICT" name="tearDownMethod" finished-at="2021-04-27T09:23:01 ICT" duration-ms="0" status="PASS">
          <reporter-output>
          </reporter-output>
        </test-method> <!-- tearDownMethod -->
        <test-method is-config="true" signature="setUpMethod()[pri:0, instance:edu.poly.dao.KhoaHocDaoNGTest_$$_jvstb41_0@7a34f66a]" started-at="2021-04-27T09:23:01 ICT" name="setUpMethod" finished-at="2021-04-27T09:23:01 ICT" duration-ms="2" status="PASS">
          <reporter-output>
          </reporter-output>
        </test-method> <!-- setUpMethod -->
        <test-method signature="testSelect()[pri:0, instance:edu.poly.dao.KhoaHocDaoNGTest_$$_jvstb41_0@7a34f66a]" started-at="2021-04-27T09:23:01 ICT" name="testSelect" finished-at="2021-04-27T09:23:01 ICT" duration-ms="4" status="PASS">
          <reporter-output>
          </reporter-output>
        </test-method> <!-- testSelect -->
        <test-method is-config="true" signature="tearDownMethod()[pri:0, instance:edu.poly.dao.KhoaHocDaoNGTest_$$_jvstb41_0@7a34f66a]" started-at="2021-04-27T09:23:01 ICT" name="tearDownMethod" finished-at="2021-04-27T09:23:01 ICT" duration-ms="1" status="PASS">
          <reporter-output>
          </reporter-output>
        </test-method> <!-- tearDownMethod -->
        <test-method is-config="true" signature="setUpMethod()[pri:0, instance:edu.poly.dao.KhoaHocDaoNGTest_$$_jvstb41_0@7a34f66a]" started-at="2021-04-27T09:23:01 ICT" name="setUpMethod" finished-at="2021-04-27T09:23:01 ICT" duration-ms="1" status="PASS">
          <reporter-output>
          </reporter-output>
        </test-method> <!-- setUpMethod -->
        <test-method signature="testUpdateWithEmptyModel()[pri:0, instance:edu.poly.dao.KhoaHocDaoNGTest_$$_jvstb41_0@7a34f66a]" started-at="2021-04-27T09:23:01 ICT" name="testUpdateWithEmptyModel" finished-at="2021-04-27T09:23:01 ICT" duration-ms="1" status="FAIL">
          <exception class="org.testng.TestException">
            <message>
              <![CDATA[
Method KhoaHocDaoNGTest.testUpdateWithEmptyModel()[pri:0, instance:edu.poly.dao.KhoaHocDaoNGTest_$$_jvstb41_0@7a34f66a] should have thrown an exception of type class java.lang.Exception]]>
            </message>
            <full-stacktrace>
              <![CDATA[org.testng.TestException: 
Method KhoaHocDaoNGTest.testUpdateWithEmptyModel()[pri:0, instance:edu.poly.dao.KhoaHocDaoNGTest_$$_jvstb41_0@7a34f66a] should have thrown an exception of type class java.lang.Exception
at org.testng.internal.ExpectedExceptionsHolder.noException(ExpectedExceptionsHolder.java:82)
at org.testng.internal.TestInvoker.considerExceptions(TestInvoker.java:741)
at org.testng.internal.TestInvoker.invokeMethod(TestInvoker.java:629)
at org.testng.internal.TestInvoker.invokeTestMethod(TestInvoker.java:173)
at org.testng.internal.MethodRunner.runInSequence(MethodRunner.java:46)
at org.testng.internal.TestInvoker$MethodInvocationAgent.invoke(TestInvoker.java:816)
at org.testng.internal.TestInvoker.invokeTestMethods(TestInvoker.java:146)
at org.testng.internal.TestMethodWorker.invokeTestMethods(TestMethodWorker.java:146)
at org.testng.internal.TestMethodWorker.run(TestMethodWorker.java:128)
at java.base/java.util.ArrayList.forEach(ArrayList.java:1540)
at org.testng.TestRunner.privateRun(TestRunner.java:766)
at org.testng.TestRunner.run(TestRunner.java:587)
at org.testng.SuiteRunner.runTest(SuiteRunner.java:384)
at org.testng.SuiteRunner.runSequentially(SuiteRunner.java:378)
at org.testng.SuiteRunner.privateRun(SuiteRunner.java:337)
at org.testng.SuiteRunner.run(SuiteRunner.java:286)
at org.testng.SuiteRunnerWorker.runSuite(SuiteRunnerWorker.java:53)
at org.testng.SuiteRunnerWorker.run(SuiteRunnerWorker.java:96)
at org.testng.TestNG.runSuitesSequentially(TestNG.java:1187)
at org.testng.TestNG.runSuitesLocally(TestNG.java:1109)
at org.testng.TestNG.runSuites(TestNG.java:1039)
at org.testng.TestNG.run(TestNG.java:1007)
at org.apache.maven.surefire.testng.TestNGExecutor.run(TestNGExecutor.java:77)
at org.apache.maven.surefire.testng.TestNGDirectoryTestSuite.executeMulti(TestNGDirectoryTestSuite.java:159)
at org.apache.maven.surefire.testng.TestNGDirectoryTestSuite.execute(TestNGDirectoryTestSuite.java:99)
at org.apache.maven.surefire.testng.TestNGProvider.invoke(TestNGProvider.java:106)
at java.base/jdk.internal.reflect.NativeMethodAccessorImpl.invoke0(Native Method)
at java.base/jdk.internal.reflect.NativeMethodAccessorImpl.invoke(NativeMethodAccessorImpl.java:62)
at java.base/jdk.internal.reflect.DelegatingMethodAccessorImpl.invoke(DelegatingMethodAccessorImpl.java:43)
at java.base/java.lang.reflect.Method.invoke(Method.java:566)
at org.apache.maven.surefire.util.ReflectionUtils.invokeMethodWithArray(ReflectionUtils.java:189)
at org.apache.maven.surefire.booter.ProviderFactory$ProviderProxy.invoke(ProviderFactory.java:165)
at org.apache.maven.surefire.booter.ProviderFactory.invokeProvider(ProviderFactory.java:85)
at org.apache.maven.surefire.booter.ForkedBooter.runSuitesInProcess(ForkedBooter.java:115)
at org.apache.maven.surefire.booter.ForkedBooter.main(ForkedBooter.java:75)
]]>
            </full-stacktrace>
          </exception> <!-- org.testng.TestException -->
          <reporter-output>
          </reporter-output>
        </test-method> <!-- testUpdateWithEmptyModel -->
        <test-method is-config="true" signature="tearDownMethod()[pri:0, instance:edu.poly.dao.KhoaHocDaoNGTest_$$_jvstb41_0@7a34f66a]" started-at="2021-04-27T09:23:01 ICT" name="tearDownMethod" finished-at="2021-04-27T09:23:01 ICT" duration-ms="0" status="PASS">
          <reporter-output>
          </reporter-output>
        </test-method> <!-- tearDownMethod -->
        <test-method is-config="true" signature="setUpMethod()[pri:0, instance:edu.poly.dao.KhoaHocDaoNGTest_$$_jvstb41_0@7a34f66a]" started-at="2021-04-27T09:23:01 ICT" name="setUpMethod" finished-at="2021-04-27T09:23:01 ICT" duration-ms="4" status="PASS">
          <reporter-output>
          </reporter-output>
        </test-method> <!-- setUpMethod -->
[...]
at org.testng.SuiteRunner.runTest(SuiteRunner.java:384)
at org.testng.SuiteRunner.runSequentially(SuiteRunner.java:378)
at org.testng.SuiteRunner.privateRun(SuiteRunner.java:337)
at org.testng.SuiteRunner.run(SuiteRunner.java:286)
at org.testng.SuiteRunnerWorker.runSuite(SuiteRunnerWorker.java:53)
at org.testng.SuiteRunnerWorker.run(SuiteRunnerWorker.java:96)
at org.testng.TestNG.runSuitesSequentially(TestNG.java:1187)
at org.testng.TestNG.runSuitesLocally(TestNG.java:1109)
at org.testng.TestNG.runSuites(TestNG.java:1039)
at org.testng.TestNG.run(TestNG.java:1007)
at org.apache.maven.surefire.testng.TestNGExecutor.run(TestNGExecutor.java:77)
at org.apache.maven.surefire.testng.TestNGDirectoryTestSuite.executeMulti(TestNGDirectoryTestSuite.java:159)
at org.apache.maven.surefire.testng.TestNGDirectoryTestSuite.execute(TestNGDirectoryTestSuite.java:99)
at org.apache.maven.surefire.testng.TestNGProvider.invoke(TestNGProvider.java:106)
at java.base/jdk.internal.reflect.NativeMethodAccessorImpl.invoke0(Native Method)
at java.base/jdk.internal.reflect.NativeMethodAccessorImpl.invoke(NativeMethodAccessorImpl.java:62)
at java.base/jdk.internal.reflect.DelegatingMethodAccessorImpl.invoke(DelegatingMethodAccessorImpl.java:43)
at java.base/java.lang.reflect.Method.invoke(Method.java:566)
at org.apache.maven.surefire.util.ReflectionUtils.invokeMethodWithArray(ReflectionUtils.java:189)
at org.apache.maven.surefire.booter.ProviderFactory$ProviderProxy.invoke(ProviderFactory.java:165)
at org.apache.maven.surefire.booter.ProviderFactory.invokeProvider(ProviderFactory.java:85)
at org.apache.maven.surefire.booter.ForkedBooter.runSuitesInProcess(ForkedBooter.java:115)
at org.apache.maven.surefire.booter.ForkedBooter.main(ForkedBooter.java:75)
]]>
            </full-stacktrace>
          </exception> <!-- org.testng.TestException -->
          <reporter-output>
          </reporter-output>
        </test-method> <!-- testSetDiemWithLarge -->
        <test-method is-config="true" signature="setUpMethod()[pri:0, instance:edu.poly.model.HocVienNGTest@3c35c345]" started-at="2021-04-27T09:23:06 ICT" name="setUpMethod" finished-at="2021-04-27T09:23:06 ICT" duration-ms="0" status="PASS">
          <reporter-output>
          </reporter-output>
        </test-method> <!-- setUpMethod -->
        <test-method signature="testSetDiemWithNegative()[pri:0, instance:edu.poly.model.HocVienNGTest@3c35c345]" started-at="2021-04-27T09:23:06 ICT" name="testSetDiemWithNegative" finished-at="2021-04-27T09:23:06 ICT" duration-ms="0" status="FAIL">
          <exception class="org.testng.TestException">
            <message>
              <![CDATA[
Method HocVienNGTest.testSetDiemWithNegative()[pri:0, instance:edu.poly.model.HocVienNGTest@3c35c345] should have thrown an exception of type class java.lang.Exception]]>
            </message>
            <full-stacktrace>
              <![CDATA[org.testng.TestException: 
Method HocVienNGTest.testSetDiemWithNegative()[pri:0, instance:edu.poly.model.HocVienNGTest@3c35c345] should have thrown an exception of type class java.lang.Exception
at org.testng.internal.ExpectedExceptionsHolder.noException(ExpectedExceptionsHolder.java:82)
at org.testng.internal.TestInvoker.considerExceptions(TestInvoker.java:741)
at org.testng.internal.TestInvoker.invokeMethod(TestInvoker.java:629)
at org.testng.internal.TestInvoker.invokeTestMethod(TestInvoker.java:173)
at org.testng.internal.MethodRunner.runInSequence(MethodRunner.java:46)
at org.testng.internal.TestInvoker$MethodInvocationAgent.invoke(TestInvoker.java:816)
at org.testng.internal.TestInvoker.invokeTestMethods(TestInvoker.java:146)
at org.testng.internal.TestMethodWorker.invokeTestMethods(TestMethodWorker.java:146)
at org.testng.internal.TestMethodWorker.run(TestMethodWorker.java:128)
at java.base/java.util.ArrayList.forEach(ArrayList.java:1540)
at org.testng.TestRunner.privateRun(TestRunner.java:766)
at org.testng.TestRunner.run(TestRunner.java:587)
at org.testng.SuiteRunner.runTest(SuiteRunner.java:384)
at org.testng.SuiteRunner.runSequentially(SuiteRunner.java:378)
at org.testng.SuiteRunner.privateRun(SuiteRunner.java:337)
at org.testng.SuiteRunner.run(SuiteRunner.java:286)
at org.testng.SuiteRunnerWorker.runSuite(SuiteRunnerWorker.java:53)
at org.testng.SuiteRunnerWorker.run(SuiteRunnerWorker.java:96)
at org.testng.TestNG.runSuitesSequentially(TestNG.java:1187)
at org.testng.TestNG.runSuitesLocally(TestNG.java:1109)
at org.testng.TestNG.runSuites(TestNG.java:1039)
at org.testng.TestNG.run(TestNG.java:1007)
at org.apache.maven.surefire.testng.TestNGExecutor.run(TestNGExecutor.java:77)
at org.apache.maven.surefire.testng.TestNGDirectoryTestSuite.executeMulti(TestNGDirectoryTestSuite.java:159)
at org.apache.maven.surefire.testng.TestNGDirectoryTestSuite.execute(TestNGDirectoryTestSuite.java:99)
at org.apache.maven.surefire.testng.TestNGProvider.invoke(TestNGProvider.java:106)
at java.base/jdk.internal.reflect.NativeMethodAccessorImpl.invoke0(Native Method)
at java.base/jdk.internal.reflect.NativeMethodAccessorImpl.invoke(NativeMethodAccessorImpl.java:62)
at java.base/jdk.internal.reflect.DelegatingMethodAccessorImpl.invoke(DelegatingMethodAccessorImpl.java:43)
at java.base/java.lang.reflect.Method.invoke(Method.java:566)
at org.apache.maven.surefire.util.ReflectionUtils.invokeMethodWithArray(ReflectionUtils.java:189)
at org.apache.maven.surefire.booter.ProviderFactory$ProviderProxy.invoke(ProviderFactory.java:165)
at org.apache.maven.surefire.booter.ProviderFactory.invokeProvider(ProviderFactory.java:85)
at org.apache.maven.surefire.booter.ForkedBooter.runSuitesInProcess(ForkedBooter.java:115)
at org.apache.maven.surefire.booter.ForkedBooter.main(ForkedBooter.java:75)
]]>
            </full-stacktrace>
          </exception> <!-- org.testng.TestException -->
          <reporter-output>
          </reporter-output>
        </test-method> <!-- testSetDiemWithNegative -->
        <test-method is-config="true" signature="setUpMethod()[pri:0, instance:edu.poly.model.HocVienNGTest@3c35c345]" started-at="2021-04-27T09:23:06 ICT" name="setUpMethod" finished-at="2021-04-27T09:23:06 ICT" duration-ms="0" status="PASS">
          <reporter-output>
          </reporter-output>
        </test-method> <!-- setUpMethod -->
        <test-method is-config="true" signature="setUpMethod()[pri:0, instance:edu.poly.model.HocVienNGTest@3c35c345]" started-at="2021-04-27T09:23:06 ICT" name="setUpMethod" finished-at="2021-04-27T09:23:06 ICT" duration-ms="0" status="PASS">
          <reporter-output>
          </reporter-output>
        </test-method> <!-- setUpMethod -->
        <test-method is-config="true" signature="tearDownMethod()[pri:0, instance:edu.poly.model.HocVienNGTest@3c35c345]" started-at="2021-04-27T09:23:06 ICT" name="tearDownMethod" finished-at="2021-04-27T09:23:06 ICT" duration-ms="0" status="PASS">
          <reporter-output>
          </reporter-output>
        </test-method> <!-- tearDownMethod -->
        <test-method signature="testSetDiemWithValid()[pri:0, instance:edu.poly.model.HocVienNGTest@3c35c345]" started-at="2021-04-27T09:23:06 ICT" name="testSetDiemWithValid" finished-at="2021-04-27T09:23:06 ICT" duration-ms="0" status="PASS">
          <reporter-output>
          </reporter-output>
        </test-method> <!-- testSetDiemWithValid -->
        <test-method is-config="true" signature="tearDownMethod()[pri:0, instance:edu.poly.model.HocVienNGTest@3c35c345]" started-at="2021-04-27T09:23:06 ICT" name="tearDownMethod" finished-at="2021-04-27T09:23:06 ICT" duration-ms="0" status="PASS">
          <reporter-output>
          </reporter-output>
        </test-method> <!-- tearDownMethod -->
        <test-method is-config="true" signature="setUpMethod()[pri:0, instance:edu.poly.model.HocVienNGTest@3c35c345]" started-at="2021-04-27T09:23:06 ICT" name="setUpMethod" finished-at="2021-04-27T09:23:06 ICT" duration-ms="0" status="PASS">
          <reporter-output>
          </reporter-output>
        </test-method> <!-- setUpMethod -->
        <test-method signature="testSetMaHVWithNegative()[pri:0, instance:edu.poly.model.HocVienNGTest@3c35c345]" started-at="2021-04-27T09:23:06 ICT" name="testSetMaHVWithNegative" finished-at="2021-04-27T09:23:06 ICT" duration-ms="0" status="FAIL">
          <exception class="org.testng.TestException">
            <message>
              <![CDATA[
Method HocVienNGTest.testSetMaHVWithNegative()[pri:0, instance:edu.poly.model.HocVienNGTest@3c35c345] should have thrown an exception of type class java.lang.Exception]]>
            </message>
            <full-stacktrace>
              <![CDATA[org.testng.TestException: 
Method HocVienNGTest.testSetMaHVWithNegative()[pri:0, instance:edu.poly.model.HocVienNGTest@3c35c345] should have thrown an exception of type class java.lang.Exception
at org.testng.internal.ExpectedExceptionsHolder.noException(ExpectedExceptionsHolder.java:82)
at org.testng.internal.TestInvoker.considerExceptions(TestInvoker.java:741)
at org.testng.internal.TestInvoker.invokeMethod(TestInvoker.java:629)
at org.testng.internal.TestInvoker.invokeTestMethod(TestInvoker.java:173)
at org.testng.internal.MethodRunner.runInSequence(MethodRunner.java:46)
at org.testng.internal.TestInvoker$MethodInvocationAgent.invoke(TestInvoker.java:816)
at org.testng.internal.TestInvoker.invokeTestMethods(TestInvoker.java:146)
at org.testng.internal.TestMethodWorker.invokeTestMethods(TestMethodWorker.java:146)
at org.testng.internal.TestMethodWorker.run(TestMethodWorker.java:128)
at java.base/java.util.ArrayList.forEach(ArrayList.java:1540)
at org.testng.TestRunner.privateRun(TestRunner.java:766)
at org.testng.TestRunner.run(TestRunner.java:587)
at org.testng.SuiteRunner.runTest(SuiteRunner.java:384)
at org.testng.SuiteRunner.runSequentially(SuiteRunner.java:378)
at org.testng.SuiteRunner.privateRun(SuiteRunner.java:337)
at org.testng.SuiteRunner.run(SuiteRunner.java:286)
at org.testng.SuiteRunnerWorker.runSuite(SuiteRunnerWorker.java:53)
at org.testng.SuiteRunnerWorker.run(SuiteRunnerWorker.java:96)
at org.testng.TestNG.runSuitesSequentially(TestNG.java:1187)
at org.testng.TestNG.runSuitesLocally(TestNG.java:1109)
at org.testng.TestNG.runSuites(TestNG.java:1039)
at org.testng.TestNG.run(TestNG.java:1007)
at org.apache.maven.surefire.testng.TestNGExecutor.run(TestNGExecutor.java:77)
at org.apache.maven.surefire.testng.TestNGDirectoryTestSuite.executeMulti(TestNGDirectoryTestSuite.java:159)
at org.apache.maven.surefire.testng.TestNGDirectoryTestSuite.execute(TestNGDirectoryTestSuite.java:99)
at org.apache.maven.surefire.testng.TestNGProvider.invoke(TestNGProvider.java:106)
at java.base/jdk.internal.reflect.NativeMethodAccessorImpl.invoke0(Native Method)
at java.base/jdk.internal.reflect.NativeMethodAccessorImpl.invoke(NativeMethodAccessorImpl.java:62)
at java.base/jdk.internal.reflect.DelegatingMethodAccessorImpl.invoke(DelegatingMethodAccessorImpl.java:43)
at java.base/java.lang.reflect.Method.invoke(Method.java:566)
at org.apache.maven.surefire.util.ReflectionUtils.invokeMethodWithArray(ReflectionUtils.java:189)
at org.apache.maven.surefire.booter.ProviderFactory$ProviderProxy.invoke(ProviderFactory.java:165)
at org.apache.maven.surefire.booter.ProviderFactory.invokeProvider(ProviderFactory.java:85)
at org.apache.maven.surefire.booter.ForkedBooter.runSuitesInProcess(ForkedBooter.java:115)
at org.apache.maven.surefire.booter.ForkedBooter.main(ForkedBooter.java:75)
]]>
            </full-stacktrace>
          </exception> <!-- org.testng.TestException -->
          <reporter-output>
          </reporter-output>
        </test-method> <!-- testSetMaHVWithNegative -->
        <test-method is-config="true" signature="tearDownMethod()[pri:0, instance:edu.poly.model.HocVienNGTest@3c35c345]" started-at="2021-04-27T09:23:06 ICT" name="tearDownMethod" finished-at="2021-04-27T09:23:06 ICT" duration-ms="0" status="PASS">
          <reporter-output>
          </reporter-output>
        </test-method> <!-- tearDownMethod -->
        <test-method signature="testSetMaHVWithValid()[pri:0, instance:edu.poly.model.HocVienNGTest@3c35c345]" started-at="2021-04-27T09:23:06 ICT" name="testSetMaHVWithValid" finished-at="2021-04-27T09:23:06 ICT" duration-ms="0" status="PASS">
          <reporter-output>
          </reporter-output>
        </test-method> <!-- testSetMaHVWithValid -->
        <test-method is-config="true" signature="setUpMethod()[pri:0, instance:edu.poly.model.HocVienNGTest@3c35c345]" started-at="2021-04-27T09:23:06 ICT" name="setUpMethod" finished-at="2021-04-27T09:23:06 ICT" duration-ms="0" status="PASS">
          <reporter-output>
          </reporter-output>
        </test-method> <!-- setUpMethod -->
        <test-method is-config="true" signature="tearDownMethod()[pri:0, instance:edu.poly.model.HocVienNGTest@3c35c345]" started-at="2021-04-27T09:23:06 ICT" name="tearDownMethod" finished-at="2021-04-27T09:23:06 ICT" duration-ms="1" status="PASS">
          <reporter-output>
          </reporter-output>
        </test-method> <!-- tearDownMethod -->
        <test-method is-config="true" signature="setUpMethod()[pri:0, instance:edu.poly.model.HocVienNGTest@3c35c345]" started-at="2021-04-27T09:23:06 ICT" name="setUpMethod" finished-at="2021-04-27T09:23:06 ICT" duration-ms="0" status="PASS">
          <reporter-output>
          </reporter-output>
        </test-method> <!-- setUpMethod -->
        <test-method signature="testSetMaKHWithNegative()[pri:0, instance:edu.poly.model.HocVienNGTest@3c35c345]" started-at="2021-04-27T09:23:06 ICT" name="testSetMaKHWithNegative" finished-at="2021-04-27T09:23:06 ICT" duration-ms="0" status="FAIL">
          <exception class="org.testng.TestException">
            <message>
              <![CDATA[
Method HocVienNGTest.testSetMaKHWithNegative()[pri:0, instance:edu.poly.model.HocVienNGTest@3c35c345] should have thrown an exception of type class java.lang.Exception]]>
            </message>
            <full-stacktrace>
              <![CDATA[org.testng.TestException: 
Method HocVienNGTest.testSetMaKHWithNegative()[pri:0, instance:edu.poly.model.HocVienNGTest@3c35c345] should have thrown an exception of type class java.lang.Exception
at org.testng.internal.ExpectedExceptionsHolder.noException(ExpectedExceptionsHolder.java:82)
at org.testng.internal.TestInvoker.considerExceptions(TestInvoker.java:741)
at org.testng.internal.TestInvoker.invokeMethod(TestInvoker.java:629)
at org.testng.internal.TestInvoker.invokeTestMethod(TestInvoker.java:173)
at org.testng.internal.MethodRunner.runInSequence(MethodRunner.java:46)
at org.testng.internal.TestInvoker$MethodInvocationAgent.invoke(TestInvoker.java:816)
at org.testng.internal.TestInvoker.invokeTestMethods(TestInvoker.java:146)
at org.testng.internal.TestMethodWorker.invokeTestMethods(TestMethodWorker.java:146)
at org.testng.internal.TestMethodWorker.run(TestMethodWorker.java:128)
at java.base/java.util.ArrayList.forEach(ArrayList.java:1540)
at org.testng.TestRunner.privateRun(TestRunner.java:766)
at org.testng.TestRunner.run(TestRunner.java:587)
at org.testng.SuiteRunner.runTest(SuiteRunner.java:384)
at org.testng.SuiteRunner.runSequentially(SuiteRunner.java:378)
at org.testng.SuiteRunner.privateRun(SuiteRunner.java:337)
at org.testng.SuiteRunner.run(SuiteRunner.java:286)
at org.testng.SuiteRunnerWorker.runSuite(SuiteRunnerWorker.java:53)
at org.testng.SuiteRunnerWorker.run(SuiteRunnerWorker.java:96)
at org.testng.TestNG.runSuitesSequentially(TestNG.java:1187)
at org.testng.TestNG.runSuitesLocally(TestNG.java:1109)
at org.testng.TestNG.runSuites(TestNG.java:1039)
at org.testng.TestNG.run(TestNG.java:1007)
at org.apache.maven.surefire.testng.TestNGExecutor.run(TestNGExecutor.java:77)
at org.apache.maven.surefire.testng.TestNGDirectoryTestSuite.executeMulti(TestNGDirectoryTestSuite.java:159)
at org.apache.maven.surefire.testng.TestNGDirectoryTestSuite.execute(TestNGDirectoryTestSuite.java:99)
at org.apache.maven.surefire.testng.TestNGProvider.invoke(TestNGProvider.java:106)
at java.base/jdk.internal.reflect.NativeMethodAccessorImpl.invoke0(Native Method)
at java.base/jdk.internal.reflect.NativeMethodAccessorImpl.invoke(NativeMethodAccessorImpl.java:62)
at java.base/jdk.internal.reflect.DelegatingMethodAccessorImpl.invoke(DelegatingMethodAccessorImpl.java:43)
at java.base/java.lang.reflect.Method.invoke(Method.java:566)
at org.apache.maven.surefire.util.ReflectionUtils.invokeMethodWithArray(ReflectionUtils.java:189)
at org.apache.maven.surefire.booter.ProviderFactory$ProviderProxy.invoke(ProviderFactory.java:165)
at org.apache.maven.surefire.booter.ProviderFactory.invokeProvider(ProviderFactory.java:85)
at org.apache.maven.surefire.booter.ForkedBooter.runSuitesInProcess(ForkedBooter.java:115)
at org.apache.maven.surefire.booter.ForkedBooter.main(ForkedBooter.java:75)
]]>
            </full-stacktrace>
          </exception> <!-- org.testng.TestException -->
          <reporter-output>
          </reporter-output>
        </test-method> <!-- testSetMaKHWithNegative -->
        <test-method is-config="true" signature="tearDownMethod()[pri:0, instance:edu.poly.model.HocVienNGTest@3c35c345]" started-at="2021-04-27T09:23:06 ICT" name="tearDownMethod" finished-at="2021-04-27T09:23:06 ICT" duration-ms="0" status="PASS">
          <reporter-output>
          </reporter-output>
        </test-method> <!-- tearDownMethod -->
        <test-method is-config="true" signature="setUpMethod()[pri:0, instance:edu.poly.model.HocVienNGTest@3c35c345]" started-at="2021-04-27T09:23:06 ICT" name="setUpMethod" finished-at="2021-04-27T09:23:06 ICT" duration-ms="1" status="PASS">
          <reporter-output>
          </reporter-output>
        </test-method> <!-- setUpMethod -->
        <test-method signature="testSetMaNH()[pri:0, instance:edu.poly.model.HocVienNGTest@3c35c345]" started-at="2021-04-27T09:23:06 ICT" name="testSetMaNH" finished-at="2021-04-27T09:23:06 ICT" duration-ms="1" status="PASS">
          <reporter-output>
          </reporter-output>
        </test-method> <!-- testSetMaNH -->
        <test-method is-config="true" signature="setUpMethod()[pri:0, instance:edu.poly.model.HocVienNGTest@3c35c345]" started-at="2021-04-27T09:23:06 ICT" name="setUpMethod" finished-at="2021-04-27T09:23:06 ICT" duration-ms="0" status="PASS">
          <reporter-output>
          </reporter-output>
        </test-method> <!-- setUpMethod -->
        <test-method signature="testSetMaKHWithValid()[pri:0, instance:edu.poly.model.HocVienNGTest@3c35c345]" started-at="2021-04-27T09:23:06 ICT" name="testSetMaKHWithValid" finished-at="2021-04-27T09:23:06 ICT" duration-ms="0" status="PASS">
          <reporter-output>
          </reporter-output>
        </test-method> <!-- testSetMaKHWithValid -->
        <test-method is-config="true" signature="tearDownMethod()[pri:0, instance:edu.poly.model.HocVienNGTest@3c35c345]" started-at="2021-04-27T09:23:06 ICT" name="tearDownMethod" finished-at="2021-04-27T09:23:06 ICT" duration-ms="0" status="PASS">
          <reporter-output>
          </reporter-output>
        </test-method> <!-- tearDownMethod -->
        <test-method is-config="true" signature="tearDownMethod()[pri:0, instance:edu.poly.model.HocVienNGTest@3c35c345]" started-at="2021-04-27T09:23:06 ICT" name="tearDownMethod" finished-at="2021-04-27T09:23:06 ICT" duration-ms="1" status="PASS">
          <reporter-output>
          </reporter-output>
        </test-method> <!-- tearDownMethod -->
        <test-method is-config="true" signature="tearDownClass()[pri:0, instance:edu.poly.model.HocVienNGTest@3c35c345]" started-at="2021-04-27T09:23:06 ICT" name="tearDownClass" finished-at="2021-04-27T09:23:06 ICT" duration-ms="0" status="PASS">
          <reporter-output>
          </reporter-output>
        </test-method> <!-- tearDownClass -->
      </class> <!-- edu.poly.model.HocVienNGTest -->
    </test> <!-- Command line test -->
  </suite> <!-- Command line suite -->
</testng-results>
