<?xml version="1.0" encoding="UTF-8" ?>
<testsuite tests="11" failures="3" name="edu.poly.dao.ChuyenDeDaoNGTest" time="0.187" errors="0" skipped="0">
  <properties>
[...]
</properties>
  <testcase classname="edu.poly.dao.ChuyenDeDaoNGTest" name="testDeleteWithNullMacd" time="0.046">
    <failure message="
Method ChuyenDeDaoNGTest.testDeleteWithNullMacd()[pri:0, instance:edu.poly.dao.ChuyenDeDaoNGTest_$$_jvstdc_0@34c01041] should have thrown an exception of type class java.lang.Exception" type="org.testng.TestException">org.testng.TestException: 
Method ChuyenDeDaoNGTest.testDeleteWithNullMacd()[pri:0, instance:edu.poly.dao.ChuyenDeDaoNGTest_$$_jvstdc_0@34c01041] should have thrown an exception of type class java.lang.Exception
	at org.testng.internal.ExpectedExceptionsHolder.noException(ExpectedExceptionsHolder.java:82)
	at org.testng.internal.TestInvoker.considerExceptions(TestInvoker.java:741)
	at org.testng.internal.TestInvoker.invokeMethod(TestInvoker.java:629)
	at org.testng.internal.TestInvoker.invokeTestMethod(TestInvoker.java:173)
	at org.testng.internal.MethodRunner.runInSequence(MethodRunner.java:46)
	at org.testng.internal.TestInvoker$MethodInvocationAgent.invoke(TestInvoker.java:816)
	at org.testng.internal.TestInvoker.invokeTestMethods(TestInvoker.java:146)
	at org.testng.internal.TestMethodWorker.invokeTestMethods(TestMethodWorker.java:146)
	at org.testng.internal.TestMethodWorker.run(TestMethodWorker.java:128)
	at java.base/java.util.ArrayList.forEach(ArrayList.java:1540)
	at org.testng.TestRunner.privateRun(TestRunner.java:766)
	at org.testng.TestRunner.run(TestRunner.java:587)
	at org.testng.SuiteRunner.runTest(SuiteRunner.java:384)
	at org.testng.SuiteRunner.runSequentially(SuiteRunner.java:378)
	at org.testng.SuiteRunner.privateRun(SuiteRunner.java:337)
	at org.testng.SuiteRunner.run(SuiteRunner.java:286)
	at org.testng.SuiteRunnerWorker.runSuite(SuiteRunnerWorker.java:53)
	at org.testng.SuiteRunnerWorker.run(SuiteRunnerWorker.java:96)
	at org.testng.TestNG.runSuitesSequentially(TestNG.java:1187)
	at org.testng.TestNG.runSuitesLocally(TestNG.java:1109)
	at org.testng.TestNG.runSuites(TestNG.java:1039)
	at org.testng.TestNG.run(TestNG.java:1007)
	at org.apache.maven.surefire.testng.TestNGExecutor.run(TestNGExecutor.java:77)
	at org.apache.maven.surefire.testng.TestNGDirectoryTestSuite.execute(TestNGDirectoryTestSuite.java:110)
	at org.apache.maven.surefire.testng.TestNGProvider.invoke(TestNGProvider.java:106)
	at java.base/jdk.internal.reflect.NativeMethodAccessorImpl.invoke0(Native Method)
	at java.base/jdk.internal.reflect.NativeMethodAccessorImpl.invoke(NativeMethodAccessorImpl.java:62)
	at java.base/jdk.internal.reflect.DelegatingMethodAccessorImpl.invoke(DelegatingMethodAccessorImpl.java:43)
	at java.base/java.lang.reflect.Method.invoke(Method.java:566)
	at org.apache.maven.surefire.util.ReflectionUtils.invokeMethodWithArray(ReflectionUtils.java:189)
	at org.apache.maven.surefire.booter.ProviderFactory$ProviderProxy.invoke(ProviderFactory.java:165)
	at org.apache.maven.surefire.booter.ProviderFactory.invokeProvider(ProviderFactory.java:85)
	at org.apache.maven.surefire.booter.ForkedBooter.runSuitesInProcess(ForkedBooter.java:115)
	at org.apache.maven.surefire.booter.ForkedBooter.main(ForkedBooter.java:75)
</failure>
    <system-out>Configuring TestNG with: org.apache.maven.surefire.testng.conf.TestNG652Configurator@5bfbf16f
delete
</system-out>
  </testcase>
  <testcase classname="edu.poly.dao.ChuyenDeDaoNGTest" name="testDeleteWithValidMacd" time="0"/>
  <testcase classname="edu.poly.dao.ChuyenDeDaoNGTest" name="testFindByIdWithNotFoundMacd" time="0.125"/>
  <testcase classname="edu.poly.dao.ChuyenDeDaoNGTest" name="testFindByIdWithValidMacd" time="0.016"/>
  <testcase classname="edu.poly.dao.ChuyenDeDaoNGTest" name="testInsertWithEmptyModel" time="0">
    <failure message="
Method ChuyenDeDaoNGTest.testInsertWithEmptyModel()[pri:0, instance:edu.poly.dao.ChuyenDeDaoNGTest_$$_jvstdc_0@34c01041] should have thrown an exception of type class java.lang.Exception" type="org.testng.TestException">org.testng.TestException: 
Method ChuyenDeDaoNGTest.testInsertWithEmptyModel()[pri:0, instance:edu.poly.dao.ChuyenDeDaoNGTest_$$_jvstdc_0@34c01041] should have thrown an exception of type class java.lang.Exception
	at org.testng.internal.ExpectedExceptionsHolder.noException(ExpectedExceptionsHolder.java:82)
	at org.testng.internal.TestInvoker.considerExceptions(TestInvoker.java:741)
	at org.testng.internal.TestInvoker.invokeMethod(TestInvoker.java:629)
	at org.testng.internal.TestInvoker.invokeTestMethod(TestInvoker.java:173)
	at org.testng.internal.MethodRunner.runInSequence(MethodRunner.java:46)
	at org.testng.internal.TestInvoker$MethodInvocationAgent.invoke(TestInvoker.java:816)
	at org.testng.internal.TestInvoker.invokeTestMethods(TestInvoker.java:146)
	at org.testng.internal.TestMethodWorker.invokeTestMethods(TestMethodWorker.java:146)
	at org.testng.internal.TestMethodWorker.run(TestMethodWorker.java:128)
	at java.base/java.util.ArrayList.forEach(ArrayList.java:1540)
	at org.testng.TestRunner.privateRun(TestRunner.java:766)
	at org.testng.TestRunner.run(TestRunner.java:587)
	at org.testng.SuiteRunner.runTest(SuiteRunner.java:384)
	at org.testng.SuiteRunner.runSequentially(SuiteRunner.java:378)
	at org.testng.SuiteRunner.privateRun(SuiteRunner.java:337)
	at org.testng.SuiteRunner.run(SuiteRunner.java:286)
	at org.testng.SuiteRunnerWorker.runSuite(SuiteRunnerWorker.java:53)
	at org.testng.SuiteRunnerWorker.run(SuiteRunnerWorker.java:96)
	at org.testng.TestNG.runSuitesSequentially(TestNG.java:1187)
	at org.testng.TestNG.runSuitesLocally(TestNG.java:1109)
	at org.testng.TestNG.runSuites(TestNG.java:1039)
	at org.testng.TestNG.run(TestNG.java:1007)
	at org.apache.maven.surefire.testng.TestNGExecutor.run(TestNGExecutor.java:77)
	at org.apache.maven.surefire.testng.TestNGDirectoryTestSuite.execute(TestNGDirectoryTestSuite.java:110)
	at org.apache.maven.surefire.testng.TestNGProvider.invoke(TestNGProvider.java:106)
	at java.base/jdk.internal.reflect.NativeMethodAccessorImpl.invoke0(Native Method)
	at java.base/jdk.internal.reflect.NativeMethodAccessorImpl.invoke(NativeMethodAccessorImpl.java:62)
	at java.base/jdk.internal.reflect.DelegatingMethodAccessorImpl.invoke(DelegatingMethodAccessorImpl.java:43)
	at java.base/java.lang.reflect.Method.invoke(Method.java:566)
	at org.apache.maven.surefire.util.ReflectionUtils.invokeMethodWithArray(ReflectionUtils.java:189)
	at org.apache.maven.surefire.booter.ProviderFactory$ProviderProxy.invoke(ProviderFactory.java:165)
	at org.apache.maven.surefire.booter.ProviderFactory.invokeProvider(ProviderFactory.java:85)
	at org.apache.maven.surefire.booter.ForkedBooter.runSuitesInProcess(ForkedBooter.java:115)
	at org.apache.maven.surefire.booter.ForkedBooter.main(ForkedBooter.java:75)
</failure>
    <system-out>insert
</system-out>
  </testcase>
  <testcase classname="edu.poly.dao.ChuyenDeDaoNGTest" name="testInsertWithNullModel" time="0"/>
  <testcase classname="edu.poly.dao.ChuyenDeDaoNGTest" name="testInsertWithValidModel" time="0"/>
  <testcase classname="edu.poly.dao.ChuyenDeDaoNGTest" name="testSelect" time="0"/>
  <testcase classname="edu.poly.dao.ChuyenDeDaoNGTest" name="testUpdateWithEmptyModel" time="0">
    <failure message="
Method ChuyenDeDaoNGTest.testUpdateWithEmptyModel()[pri:0, instance:edu.poly.dao.ChuyenDeDaoNGTest_$$_jvstdc_0@34c01041] should have thrown an exception of type class java.lang.Exception" type="org.testng.TestException">org.testng.TestException: 
Method ChuyenDeDaoNGTest.testUpdateWithEmptyModel()[pri:0, instance:edu.poly.dao.ChuyenDeDaoNGTest_$$_jvstdc_0@34c01041] should have thrown an exception of type class java.lang.Exception
	at org.testng.internal.ExpectedExceptionsHolder.noException(ExpectedExceptionsHolder.java:82)
	at org.testng.internal.TestInvoker.considerExceptions(TestInvoker.java:741)
	at org.testng.internal.TestInvoker.invokeMethod(TestInvoker.java:629)
	at org.testng.internal.TestInvoker.invokeTestMethod(TestInvoker.java:173)
	at org.testng.internal.MethodRunner.runInSequence(MethodRunner.java:46)
	at org.testng.internal.TestInvoker$MethodInvocationAgent.invoke(TestInvoker.java:816)
	at org.testng.internal.TestInvoker.invokeTestMethods(TestInvoker.java:146)
	at org.testng.internal.TestMethodWorker.invokeTestMethods(TestMethodWorker.java:146)
	at org.testng.internal.TestMethodWorker.run(TestMethodWorker.java:128)
	at java.base/java.util.ArrayList.forEach(ArrayList.java:1540)
	at org.testng.TestRunner.privateRun(TestRunner.java:766)
	at org.testng.TestRunner.run(TestRunner.java:587)
	at org.testng.SuiteRunner.runTest(SuiteRunner.java:384)
	at org.testng.SuiteRunner.runSequentially(SuiteRunner.java:378)
	at org.testng.SuiteRunner.privateRun(SuiteRunner.java:337)
	at org.testng.SuiteRunner.run(SuiteRunner.java:286)
	at org.testng.SuiteRunnerWorker.runSuite(SuiteRunnerWorker.java:53)
	at org.testng.SuiteRunnerWorker.run(SuiteRunnerWorker.java:96)
	at org.testng.TestNG.runSuitesSequentially(TestNG.java:1187)
	at org.testng.TestNG.runSuitesLocally(TestNG.java:1109)
	at org.testng.TestNG.runSuites(TestNG.java:1039)
	at org.testng.TestNG.run(TestNG.java:1007)
	at org.apache.maven.surefire.testng.TestNGExecutor.run(TestNGExecutor.java:77)
	at org.apache.maven.surefire.testng.TestNGDirectoryTestSuite.execute(TestNGDirectoryTestSuite.java:110)
	at org.apache.maven.surefire.testng.TestNGProvider.invoke(TestNGProvider.java:106)
	at java.base/jdk.internal.reflect.NativeMethodAccessorImpl.invoke0(Native Method)
	at java.base/jdk.internal.reflect.NativeMethodAccessorImpl.invoke(NativeMethodAccessorImpl.java:62)
	at java.base/jdk.internal.reflect.DelegatingMethodAccessorImpl.invoke(DelegatingMethodAccessorImpl.java:43)
	at java.base/java.lang.reflect.Method.invoke(Method.java:566)
	at org.apache.maven.surefire.util.ReflectionUtils.invokeMethodWithArray(ReflectionUtils.java:189)
	at org.apache.maven.surefire.booter.ProviderFactory$ProviderProxy.invoke(ProviderFactory.java:165)
	at org.apache.maven.surefire.booter.ProviderFactory.invokeProvider(ProviderFactory.java:85)
	at org.apache.maven.surefire.booter.ForkedBooter.runSuitesInProcess(ForkedBooter.java:115)
	at org.apache.maven.surefire.booter.ForkedBooter.main(ForkedBooter.java:75)
</failure>
    <system-out>update
</system-out>
  </testcase>
  <testcase classname="edu.poly.dao.ChuyenDeDaoNGTest" name="testUpdateWithNullModel" time="0"/>
  <testcase classname="edu.poly.dao.ChuyenDeDaoNGTest" name="testUpdateWithValidModel" time="0"/>
</testsuite>