<?xml version="1.0" encoding="UTF-8"?>
<!-- Generated by org.testng.reporters.JUnitXMLReporter -->
<testsuite ignored="0" hostname="DESKTOP-R2K6MVF" failures="3" tests="11" name="Command line test" time="1.656" errors="0" timestamp="2021-04-27T00:26:56 ICT">
  <testcase classname="edu.poly.dao.HocVienDaoNGTest" name="testDeleteWithMahv" time="0.047"/>
  <testcase classname="edu.poly.dao.HocVienDaoNGTest" name="testDeleteWithNullMahv" time="0.0">
    <failure type="org.testng.TestException" message="
Method HocVienDaoNGTest.testDeleteWithNullMahv()[pri:0, instance:edu.poly.dao.HocVienDaoNGTest_$$_jvst59e_0@764faa6] should have thrown an exception of type class java.lang.Exception">
      <![CDATA[org.testng.TestException: 
Method HocVienDaoNGTest.testDeleteWithNullMahv()[pri:0, instance:edu.poly.dao.HocVienDaoNGTest_$$_jvst59e_0@764faa6] should have thrown an exception of type class java.lang.Exception
at java.base/java.util.ArrayList.forEach(ArrayList.java:1540)
... Removed 33 stack frames]]>
    </failure>
  </testcase> <!-- testDeleteWithNullMahv -->
  <testcase classname="edu.poly.dao.HocVienDaoNGTest" name="testFindByIdWithNotFoundMahv" time="0.016"/>
  <testcase classname="edu.poly.dao.HocVienDaoNGTest" name="testFindByIdWithValidMahv" time="0.0"/>
  <testcase classname="edu.poly.dao.HocVienDaoNGTest" name="testInsertWithEmptyModel" time="0.0">
    <failure type="org.testng.TestException" message="
Method HocVienDaoNGTest.testInsertWithEmptyModel()[pri:0, instance:edu.poly.dao.HocVienDaoNGTest_$$_jvst59e_0@764faa6] should have thrown an exception of type class java.lang.Exception">
      <![CDATA[org.testng.TestException: 
Method HocVienDaoNGTest.testInsertWithEmptyModel()[pri:0, instance:edu.poly.dao.HocVienDaoNGTest_$$_jvst59e_0@764faa6] should have thrown an exception of type class java.lang.Exception
at java.base/java.util.ArrayList.forEach(ArrayList.java:1540)
... Removed 33 stack frames]]>
    </failure>
  </testcase> <!-- testInsertWithEmptyModel -->
  <testcase classname="edu.poly.dao.HocVienDaoNGTest" name="testInsertWithNullModel" time="0.016"/>
  <testcase classname="edu.poly.dao.HocVienDaoNGTest" name="testInsertWithValidModel" time="0.0"/>
  <testcase classname="edu.poly.dao.HocVienDaoNGTest" name="testSelect" time="0.0"/>
  <testcase classname="edu.poly.dao.HocVienDaoNGTest" name="testUpdateWithEmptyModel" time="0.0">
    <failure type="org.testng.TestException" message="
Method HocVienDaoNGTest.testUpdateWithEmptyModel()[pri:0, instance:edu.poly.dao.HocVienDaoNGTest_$$_jvst59e_0@764faa6] should have thrown an exception of type class java.lang.Exception">
      <![CDATA[org.testng.TestException: 
Method HocVienDaoNGTest.testUpdateWithEmptyModel()[pri:0, instance:edu.poly.dao.HocVienDaoNGTest_$$_jvst59e_0@764faa6] should have thrown an exception of type class java.lang.Exception
at java.base/java.util.ArrayList.forEach(ArrayList.java:1540)
... Removed 33 stack frames]]>
    </failure>
  </testcase> <!-- testUpdateWithEmptyModel -->
  <testcase classname="edu.poly.dao.HocVienDaoNGTest" name="testUpdateWithNullModel" time="0.0"/>
  <testcase classname="edu.poly.dao.HocVienDaoNGTest" name="testUpdateWithValidModel" time="0.0"/>
</testsuite> <!-- Command line test -->
