<?xml version="1.0" encoding="UTF-8"?>
<!-- Generated by org.testng.reporters.JUnitXMLReporter -->
<testsuite ignored="0" hostname="DESKTOP-R2K6MVF" failures="0" tests="8" name="Command line test" time="5.214" errors="0" timestamp="2021-04-27T09:15:24 ICT">
  <testcase classname="edu.poly.dao.ThongKeDaoNGTest" name="testGetBangDiem" time="0.088"/>
  <testcase classname="edu.poly.dao.ThongKeDaoNGTest" name="testGetBangDiemWithMultipleData" time="0.036"/>
  <testcase classname="edu.poly.dao.ThongKeDaoNGTest" name="testGetDiemTheoChuyenDe" time="0.122"/>
  <testcase classname="edu.poly.dao.ThongKeDaoNGTest" name="testGetDiemTheoChuyenDeWithMultipleDate" time="0.063"/>
  <testcase classname="edu.poly.dao.ThongKeDaoNGTest" name="testGetDoanhThu" time="0.068"/>
  <testcase classname="edu.poly.dao.ThongKeDaoNGTest" name="testGetDoanhThuWithMultipleData" time="0.085"/>
  <testcase classname="edu.poly.dao.ThongKeDaoNGTest" name="testGetNguoiHoc" time="0.054"/>
  <testcase classname="edu.poly.dao.ThongKeDaoNGTest" name="testGetNguoiHocWithMultipleDate" time="0.057"/>
</testsuite> <!-- Command line test -->
