<?xml version="1.0" encoding="UTF-8"?>
<!-- Generated by org.testng.reporters.JUnitXMLReporter -->
<testsuite ignored="0" hostname="DESKTOP-R2K6MVF" failures="3" tests="14" name="Command line test" time="1.75" errors="0" timestamp="2021-04-16T21:56:53 ICT">
  <testcase classname="edu.poly.dao.NguoiHocDaoNGTest" name="testDeleteWithNullId" time="0.031">
    <failure type="org.testng.TestException" message="
Method NguoiHocDaoNGTest.testDeleteWithNullId()[pri:0, instance:edu.poly.dao.NguoiHocDaoNGTest_$$_jvst3bb_0@289710d9] should have thrown an exception of type class java.lang.Exception">
      <![CDATA[org.testng.TestException: 
Method NguoiHocDaoNGTest.testDeleteWithNullId()[pri:0, instance:edu.poly.dao.NguoiHocDaoNGTest_$$_jvst3bb_0@289710d9] should have thrown an exception of type class java.lang.Exception
at java.base/java.util.ArrayList.forEach(ArrayList.java:1540)
... Removed 33 stack frames]]>
    </failure>
  </testcase> <!-- testDeleteWithNullId -->
  <testcase classname="edu.poly.dao.NguoiHocDaoNGTest" name="testDeleteWithValidId" time="0.0"/>
  <testcase classname="edu.poly.dao.NguoiHocDaoNGTest" name="testFindByIdNotFound" time="0.031"/>
  <testcase classname="edu.poly.dao.NguoiHocDaoNGTest" name="testFindByIdWithFound" time="0.047"/>
  <testcase classname="edu.poly.dao.NguoiHocDaoNGTest" name="testInsertWithEmptyModel" time="0.0">
    <failure type="org.testng.TestException" message="
Method NguoiHocDaoNGTest.testInsertWithEmptyModel()[pri:0, instance:edu.poly.dao.NguoiHocDaoNGTest_$$_jvst3bb_0@289710d9] should have thrown an exception of type class java.lang.Exception">
      <![CDATA[org.testng.TestException: 
Method NguoiHocDaoNGTest.testInsertWithEmptyModel()[pri:0, instance:edu.poly.dao.NguoiHocDaoNGTest_$$_jvst3bb_0@289710d9] should have thrown an exception of type class java.lang.Exception
at java.base/java.util.ArrayList.forEach(ArrayList.java:1540)
... Removed 33 stack frames]]>
    </failure>
  </testcase> <!-- testInsertWithEmptyModel -->
  <testcase classname="edu.poly.dao.NguoiHocDaoNGTest" name="testInsertWithNullModel" time="0.0"/>
  <testcase classname="edu.poly.dao.NguoiHocDaoNGTest" name="testInsertWithValidModel" time="0.0"/>
  <testcase classname="edu.poly.dao.NguoiHocDaoNGTest" name="testSelect" time="0.0"/>
  <testcase classname="edu.poly.dao.NguoiHocDaoNGTest" name="testSelectByCourseWithFound" time="0.0"/>
  <testcase classname="edu.poly.dao.NguoiHocDaoNGTest" name="testSelectByCourseWithNotFound" time="0.015"/>
  <testcase classname="edu.poly.dao.NguoiHocDaoNGTest" name="testSelectByKeyword" time="0.0"/>
  <testcase classname="edu.poly.dao.NguoiHocDaoNGTest" name="testUpdateWithEmptyModel" time="0.0">
    <failure type="org.testng.TestException" message="
Method NguoiHocDaoNGTest.testUpdateWithEmptyModel()[pri:0, instance:edu.poly.dao.NguoiHocDaoNGTest_$$_jvst3bb_0@289710d9] should have thrown an exception of type class java.lang.Exception">
      <![CDATA[org.testng.TestException: 
Method NguoiHocDaoNGTest.testUpdateWithEmptyModel()[pri:0, instance:edu.poly.dao.NguoiHocDaoNGTest_$$_jvst3bb_0@289710d9] should have thrown an exception of type class java.lang.Exception
at java.base/java.util.ArrayList.forEach(ArrayList.java:1540)
... Removed 33 stack frames]]>
    </failure>
  </testcase> <!-- testUpdateWithEmptyModel -->
  <testcase classname="edu.poly.dao.NguoiHocDaoNGTest" name="testUpdateWithNullModel" time="0.016"/>
  <testcase classname="edu.poly.dao.NguoiHocDaoNGTest" name="testUpdateWithValidModel" time="0.0"/>
</testsuite> <!-- Command line test -->
