<?xml version="1.0" encoding="UTF-8"?>
<!-- Generated by org.testng.reporters.JUnitXMLReporter -->
<testsuite ignored="0" hostname="DESKTOP-R2K6MVF" failures="3" tests="11" name="Command line test" time="1.781" errors="0" timestamp="2021-04-27T00:26:21 ICT">
  <testcase classname="edu.poly.dao.ChuyenDeDaoNGTest" name="testDeleteWithNullMacd" time="0.031">
    <failure type="org.testng.TestException" message="
Method ChuyenDeDaoNGTest.testDeleteWithNullMacd()[pri:0, instance:edu.poly.dao.ChuyenDeDaoNGTest_$$_jvstdc_0@34c01041] should have thrown an exception of type class java.lang.Exception">
      <![CDATA[org.testng.TestException: 
Method ChuyenDeDaoNGTest.testDeleteWithNullMacd()[pri:0, instance:edu.poly.dao.ChuyenDeDaoNGTest_$$_jvstdc_0@34c01041] should have thrown an exception of type class java.lang.Exception
at java.base/java.util.ArrayList.forEach(ArrayList.java:1540)
... Removed 33 stack frames]]>
    </failure>
  </testcase> <!-- testDeleteWithNullMacd -->
  <testcase classname="edu.poly.dao.ChuyenDeDaoNGTest" name="testDeleteWithValidMacd" time="0.0"/>
  <testcase classname="edu.poly.dao.ChuyenDeDaoNGTest" name="testFindByIdWithNotFoundMacd" time="0.125"/>
  <testcase classname="edu.poly.dao.ChuyenDeDaoNGTest" name="testFindByIdWithValidMacd" time="0.0"/>
  <testcase classname="edu.poly.dao.ChuyenDeDaoNGTest" name="testInsertWithEmptyModel" time="0.0">
    <failure type="org.testng.TestException" message="
Method ChuyenDeDaoNGTest.testInsertWithEmptyModel()[pri:0, instance:edu.poly.dao.ChuyenDeDaoNGTest_$$_jvstdc_0@34c01041] should have thrown an exception of type class java.lang.Exception">
      <![CDATA[org.testng.TestException: 
Method ChuyenDeDaoNGTest.testInsertWithEmptyModel()[pri:0, instance:edu.poly.dao.ChuyenDeDaoNGTest_$$_jvstdc_0@34c01041] should have thrown an exception of type class java.lang.Exception
at java.base/java.util.ArrayList.forEach(ArrayList.java:1540)
... Removed 33 stack frames]]>
    </failure>
  </testcase> <!-- testInsertWithEmptyModel -->
  <testcase classname="edu.poly.dao.ChuyenDeDaoNGTest" name="testInsertWithNullModel" time="0.0"/>
  <testcase classname="edu.poly.dao.ChuyenDeDaoNGTest" name="testInsertWithValidModel" time="0.0"/>
  <testcase classname="edu.poly.dao.ChuyenDeDaoNGTest" name="testSelect" time="0.0"/>
  <testcase classname="edu.poly.dao.ChuyenDeDaoNGTest" name="testUpdateWithEmptyModel" time="0.0">
    <failure type="org.testng.TestException" message="
Method ChuyenDeDaoNGTest.testUpdateWithEmptyModel()[pri:0, instance:edu.poly.dao.ChuyenDeDaoNGTest_$$_jvstdc_0@34c01041] should have thrown an exception of type class java.lang.Exception">
      <![CDATA[org.testng.TestException: 
Method ChuyenDeDaoNGTest.testUpdateWithEmptyModel()[pri:0, instance:edu.poly.dao.ChuyenDeDaoNGTest_$$_jvstdc_0@34c01041] should have thrown an exception of type class java.lang.Exception
at java.base/java.util.ArrayList.forEach(ArrayList.java:1540)
... Removed 33 stack frames]]>
    </failure>
  </testcase> <!-- testUpdateWithEmptyModel -->
  <testcase classname="edu.poly.dao.ChuyenDeDaoNGTest" name="testUpdateWithNullModel" time="0.0"/>
  <testcase classname="edu.poly.dao.ChuyenDeDaoNGTest" name="testUpdateWithValidModel" time="0.0"/>
</testsuite> <!-- Command line test -->
