<?xml version="1.0" encoding="UTF-8"?>
<!-- Generated by org.testng.reporters.JUnitXMLReporter -->
<testsuite ignored="0" hostname="DESKTOP-R2K6MVF" failures="3" tests="11" name="Command line test" time="1.781" errors="0" timestamp="2021-04-16T21:37:57 ICT">
  <testcase classname="edu.poly.dao.KhoaHocDaoNGTest" name="testDeleteWithNull" time="0.031">
    <failure type="org.testng.TestException" message="
Method KhoaHocDaoNGTest.testDeleteWithNull()[pri:0, instance:edu.poly.dao.KhoaHocDaoNGTest_$$_jvst9ff_0@5dcb4f5f] should have thrown an exception of type class java.lang.Exception">
      <![CDATA[org.testng.TestException: 
Method KhoaHocDaoNGTest.testDeleteWithNull()[pri:0, instance:edu.poly.dao.KhoaHocDaoNGTest_$$_jvst9ff_0@5dcb4f5f] should have thrown an exception of type class java.lang.Exception
at java.base/java.util.ArrayList.forEach(ArrayList.java:1540)
... Removed 33 stack frames]]>
    </failure>
  </testcase> <!-- testDeleteWithNull -->
  <testcase classname="edu.poly.dao.KhoaHocDaoNGTest" name="testDeleteWithValid" time="0.0"/>
  <testcase classname="edu.poly.dao.KhoaHocDaoNGTest" name="testFindByIdWithNotFoundID" time="0.031"/>
  <testcase classname="edu.poly.dao.KhoaHocDaoNGTest" name="testFindByIdWithValidID" time="0.0"/>
  <testcase classname="edu.poly.dao.KhoaHocDaoNGTest" name="testInsertWithEmptyModel" time="0.0">
    <failure type="org.testng.TestException" message="
Method KhoaHocDaoNGTest.testInsertWithEmptyModel()[pri:0, instance:edu.poly.dao.KhoaHocDaoNGTest_$$_jvst9ff_0@5dcb4f5f] should have thrown an exception of type class java.lang.Exception">
      <![CDATA[org.testng.TestException: 
Method KhoaHocDaoNGTest.testInsertWithEmptyModel()[pri:0, instance:edu.poly.dao.KhoaHocDaoNGTest_$$_jvst9ff_0@5dcb4f5f] should have thrown an exception of type class java.lang.Exception
at java.base/java.util.ArrayList.forEach(ArrayList.java:1540)
... Removed 33 stack frames]]>
    </failure>
  </testcase> <!-- testInsertWithEmptyModel -->
  <testcase classname="edu.poly.dao.KhoaHocDaoNGTest" name="testInsertWithNullModel" time="0.0"/>
  <testcase classname="edu.poly.dao.KhoaHocDaoNGTest" name="testInsertWithValid" time="0.0"/>
  <testcase classname="edu.poly.dao.KhoaHocDaoNGTest" name="testSelect" time="0.016"/>
  <testcase classname="edu.poly.dao.KhoaHocDaoNGTest" name="testUpdateWithEmptyModel" time="0.0">
    <failure type="org.testng.TestException" message="
Method KhoaHocDaoNGTest.testUpdateWithEmptyModel()[pri:0, instance:edu.poly.dao.KhoaHocDaoNGTest_$$_jvst9ff_0@5dcb4f5f] should have thrown an exception of type class java.lang.Exception">
      <![CDATA[org.testng.TestException: 
Method KhoaHocDaoNGTest.testUpdateWithEmptyModel()[pri:0, instance:edu.poly.dao.KhoaHocDaoNGTest_$$_jvst9ff_0@5dcb4f5f] should have thrown an exception of type class java.lang.Exception
at java.base/java.util.ArrayList.forEach(ArrayList.java:1540)
... Removed 33 stack frames]]>
    </failure>
  </testcase> <!-- testUpdateWithEmptyModel -->
  <testcase classname="edu.poly.dao.KhoaHocDaoNGTest" name="testUpdateWithNullModel" time="0.0"/>
  <testcase classname="edu.poly.dao.KhoaHocDaoNGTest" name="testUpdateWithValidModel" time="0.0"/>
</testsuite> <!-- Command line test -->
