<?xml version="1.0" encoding="UTF-8" ?>
<testsuite tests="16" failures="8" name="edu.poly.model.ChuyenDeTest" time="0.109" errors="0" skipped="0">
  <properties>
[...]
</properties>
  <testcase classname="edu.poly.model.ChuyenDeTest" name="edu.poly.model.ChuyenDeTest.testSetHocPhi" time="0.032"/>
  <testcase classname="edu.poly.model.ChuyenDeTest" name="edu.poly.model.ChuyenDeTest.testSetThoiLuong" time="0"/>
  <testcase classname="edu.poly.model.ChuyenDeTest" name="edu.poly.model.ChuyenDeTest.testSetHinh" time="0"/>
  <testcase classname="edu.poly.model.ChuyenDeTest" name="edu.poly.model.ChuyenDeTest.testGetMoTa" time="0.049">
    <failure message="expected: &lt;&gt; but was: &lt;null&gt;" type="org.opentest4j.AssertionFailedError">org.opentest4j.AssertionFailedError: expected: &lt;&gt; but was: &lt;null&gt;
	at org.junit.jupiter.api.AssertionUtils.fail(AssertionUtils.java:54)
	at org.junit.jupiter.api.AssertEquals.failNotEqual(AssertEquals.java:195)
	at org.junit.jupiter.api.AssertEquals.assertEquals(AssertEquals.java:184)
	at org.junit.jupiter.api.AssertEquals.assertEquals(AssertEquals.java:179)
	at org.junit.jupiter.api.Assertions.assertEquals(Assertions.java:508)
	at edu.poly.model.ChuyenDeTest.testGetMoTa(ChuyenDeTest.java:225)
</failure>
  </testcase>
  <testcase classname="edu.poly.model.ChuyenDeTest" name="edu.poly.model.ChuyenDeTest.testSetMoTa" time="0"/>
  <testcase classname="edu.poly.model.ChuyenDeTest" name="edu.poly.model.ChuyenDeTest.testGetHocPhi" time="0"/>
  <testcase classname="edu.poly.model.ChuyenDeTest" name="edu.poly.model.ChuyenDeTest.testSetTenCD" time="0"/>
  <testcase classname="edu.poly.model.ChuyenDeTest" name="edu.poly.model.ChuyenDeTest.testGetMaCD" time="0.003">
    <failure message="expected: &lt;&gt; but was: &lt;null&gt;" type="org.opentest4j.AssertionFailedError">org.opentest4j.AssertionFailedError: expected: &lt;&gt; but was: &lt;null&gt;
	at org.junit.jupiter.api.AssertionUtils.fail(AssertionUtils.java:54)
	at org.junit.jupiter.api.AssertEquals.failNotEqual(AssertEquals.java:195)
	at org.junit.jupiter.api.AssertEquals.assertEquals(AssertEquals.java:184)
	at org.junit.jupiter.api.AssertEquals.assertEquals(AssertEquals.java:179)
	at org.junit.jupiter.api.Assertions.assertEquals(Assertions.java:508)
	at edu.poly.model.ChuyenDeTest.testGetMaCD(ChuyenDeTest.java:51)
</failure>
  </testcase>
  <testcase classname="edu.poly.model.ChuyenDeTest" name="edu.poly.model.ChuyenDeTest.testToString" time="0.002">
    <failure message="expected: &lt;&gt; but was: &lt;null&gt;" type="org.opentest4j.AssertionFailedError">org.opentest4j.AssertionFailedError: expected: &lt;&gt; but was: &lt;null&gt;
	at org.junit.jupiter.api.AssertionUtils.fail(AssertionUtils.java:54)
	at org.junit.jupiter.api.AssertEquals.failNotEqual(AssertEquals.java:195)
	at org.junit.jupiter.api.AssertEquals.assertEquals(AssertEquals.java:184)
	at org.junit.jupiter.api.AssertEquals.assertEquals(AssertEquals.java:179)
	at org.junit.jupiter.api.Assertions.assertEquals(Assertions.java:508)
	at edu.poly.model.ChuyenDeTest.testToString(ChuyenDeTest.java:254)
</failure>
  </testcase>
  <testcase classname="edu.poly.model.ChuyenDeTest" name="edu.poly.model.ChuyenDeTest.testGetHinh" time="0.003">
    <failure message="expected: &lt;&gt; but was: &lt;null&gt;" type="org.opentest4j.AssertionFailedError">org.opentest4j.AssertionFailedError: expected: &lt;&gt; but was: &lt;null&gt;
	at org.junit.jupiter.api.AssertionUtils.fail(AssertionUtils.java:54)
	at org.junit.jupiter.api.AssertEquals.failNotEqual(AssertEquals.java:195)
	at org.junit.jupiter.api.AssertEquals.assertEquals(AssertEquals.java:184)
	at org.junit.jupiter.api.AssertEquals.assertEquals(AssertEquals.java:179)
	at org.junit.jupiter.api.Assertions.assertEquals(Assertions.java:508)
	at edu.poly.model.ChuyenDeTest.testGetHinh(ChuyenDeTest.java:194)
</failure>
  </testcase>
  <testcase classname="edu.poly.model.ChuyenDeTest" name="edu.poly.model.ChuyenDeTest.testSetMaCD" time="0.001"/>
  <testcase classname="edu.poly.model.ChuyenDeTest" name="edu.poly.model.ChuyenDeTest.testGetThoiLuong" time="0"/>
  <testcase classname="edu.poly.model.ChuyenDeTest" name="edu.poly.model.ChuyenDeTest.testGetTenCD" time="0.004">
    <failure message="expected: &lt;&gt; but was: &lt;null&gt;" type="org.opentest4j.AssertionFailedError">org.opentest4j.AssertionFailedError: expected: &lt;&gt; but was: &lt;null&gt;
	at org.junit.jupiter.api.AssertionUtils.fail(AssertionUtils.java:54)
	at org.junit.jupiter.api.AssertEquals.failNotEqual(AssertEquals.java:195)
	at org.junit.jupiter.api.AssertEquals.assertEquals(AssertEquals.java:184)
	at org.junit.jupiter.api.AssertEquals.assertEquals(AssertEquals.java:179)
	at org.junit.jupiter.api.Assertions.assertEquals(Assertions.java:508)
	at edu.poly.model.ChuyenDeTest.testGetTenCD(ChuyenDeTest.java:80)
</failure>
  </testcase>
  <testcase classname="edu.poly.model.ChuyenDeTest" name="edu.poly.model.ChuyenDeTest.testSetThoiLuongWithNegative" time="0.007">
    <failure message="Expected java.lang.Exception to be thrown, but nothing was thrown." type="org.opentest4j.AssertionFailedError">org.opentest4j.AssertionFailedError: Expected java.lang.Exception to be thrown, but nothing was thrown.
	at org.junit.jupiter.api.AssertThrows.assertThrows(AssertThrows.java:69)
	at org.junit.jupiter.api.AssertThrows.assertThrows(AssertThrows.java:36)
	at org.junit.jupiter.api.Assertions.assertThrows(Assertions.java:1179)
	at edu.poly.model.ChuyenDeTest.testSetThoiLuongWithNegative(ChuyenDeTest.java:181)
</failure>
  </testcase>
  <testcase classname="edu.poly.model.ChuyenDeTest" name="edu.poly.model.ChuyenDeTest.testSetHocPhiWithNegative" time="0.006">
    <failure message="Expected java.lang.Exception to be thrown, but nothing was thrown." type="org.opentest4j.AssertionFailedError">org.opentest4j.AssertionFailedError: Expected java.lang.Exception to be thrown, but nothing was thrown.
	at org.junit.jupiter.api.AssertThrows.assertThrows(AssertThrows.java:69)
	at org.junit.jupiter.api.AssertThrows.assertThrows(AssertThrows.java:36)
	at org.junit.jupiter.api.Assertions.assertThrows(Assertions.java:1179)
	at edu.poly.model.ChuyenDeTest.testSetHocPhiWithNegative(ChuyenDeTest.java:133)
</failure>
  </testcase>
  <testcase classname="edu.poly.model.ChuyenDeTest" name="edu.poly.model.ChuyenDeTest.testSetHocPhiWithLarge" time="0.002">
    <failure message="Expected java.lang.Exception to be thrown, but nothing was thrown." type="org.opentest4j.AssertionFailedError">org.opentest4j.AssertionFailedError: Expected java.lang.Exception to be thrown, but nothing was thrown.
	at org.junit.jupiter.api.AssertThrows.assertThrows(AssertThrows.java:69)
	at org.junit.jupiter.api.AssertThrows.assertThrows(AssertThrows.java:36)
	at org.junit.jupiter.api.Assertions.assertThrows(Assertions.java:1179)
	at edu.poly.model.ChuyenDeTest.testSetHocPhiWithLarge(ChuyenDeTest.java:144)
</failure>
  </testcase>
</testsuite>