<?xml version="1.0" encoding="UTF-8"?>
<!-- Generated by org.testng.reporters.JUnitXMLReporter -->
<testsuite ignored="0" hostname="DESKTOP-R2K6MVF" failures="3" tests="11" name="Command line test" time="1.67" errors="0" timestamp="2021-04-16T22:01:49 ICT">
  <testcase classname="edu.poly.dao.NhanVienDaoNGTest" name="testDeleteWithNullMahv" time="0.031">
    <failure type="org.testng.TestException" message="
Method NhanVienDaoNGTest.testDeleteWithNullMahv()[pri:0, instance:edu.poly.dao.NhanVienDaoNGTest_$$_jvst8_0@4f0100a7] should have thrown an exception of type class java.lang.Exception">
      <![CDATA[org.testng.TestException: 
Method NhanVienDaoNGTest.testDeleteWithNullMahv()[pri:0, instance:edu.poly.dao.NhanVienDaoNGTest_$$_jvst8_0@4f0100a7] should have thrown an exception of type class java.lang.Exception
at java.base/java.util.ArrayList.forEach(ArrayList.java:1540)
... Removed 33 stack frames]]>
    </failure>
  </testcase> <!-- testDeleteWithNullMahv -->
  <testcase classname="edu.poly.dao.NhanVienDaoNGTest" name="testDeleteWithValidMahv" time="0.0"/>
  <testcase classname="edu.poly.dao.NhanVienDaoNGTest" name="testFindByIdWithFound" time="0.031"/>
  <testcase classname="edu.poly.dao.NhanVienDaoNGTest" name="testFindByIdWithNotFound" time="0.0"/>
  <testcase classname="edu.poly.dao.NhanVienDaoNGTest" name="testInsertWithEmptyModel" time="0.0">
    <failure type="org.testng.TestException" message="
Method NhanVienDaoNGTest.testInsertWithEmptyModel()[pri:0, instance:edu.poly.dao.NhanVienDaoNGTest_$$_jvst8_0@4f0100a7] should have thrown an exception of type class java.lang.Exception">
      <![CDATA[org.testng.TestException: 
Method NhanVienDaoNGTest.testInsertWithEmptyModel()[pri:0, instance:edu.poly.dao.NhanVienDaoNGTest_$$_jvst8_0@4f0100a7] should have thrown an exception of type class java.lang.Exception
at java.base/java.util.ArrayList.forEach(ArrayList.java:1540)
... Removed 33 stack frames]]>
    </failure>
  </testcase> <!-- testInsertWithEmptyModel -->
  <testcase classname="edu.poly.dao.NhanVienDaoNGTest" name="testInsertWithNullModel" time="0.0"/>
  <testcase classname="edu.poly.dao.NhanVienDaoNGTest" name="testInsertWithValidModel" time="0.0"/>
  <testcase classname="edu.poly.dao.NhanVienDaoNGTest" name="testSelect" time="0.0"/>
  <testcase classname="edu.poly.dao.NhanVienDaoNGTest" name="testUpdateWithEmptyModel" time="0.0">
    <failure type="org.testng.TestException" message="
Method NhanVienDaoNGTest.testUpdateWithEmptyModel()[pri:0, instance:edu.poly.dao.NhanVienDaoNGTest_$$_jvst8_0@4f0100a7] should have thrown an exception of type class java.lang.Exception">
      <![CDATA[org.testng.TestException: 
Method NhanVienDaoNGTest.testUpdateWithEmptyModel()[pri:0, instance:edu.poly.dao.NhanVienDaoNGTest_$$_jvst8_0@4f0100a7] should have thrown an exception of type class java.lang.Exception
at java.base/java.util.ArrayList.forEach(ArrayList.java:1540)
... Removed 33 stack frames]]>
    </failure>
  </testcase> <!-- testUpdateWithEmptyModel -->
  <testcase classname="edu.poly.dao.NhanVienDaoNGTest" name="testUpdateWithNullModel" time="0.0"/>
  <testcase classname="edu.poly.dao.NhanVienDaoNGTest" name="testUpdateWithValidModel" time="0.0"/>
</testsuite> <!-- Command line test -->
